--- Job d3n16R8R9d01d1 Start 07/20/21 09:47:40 35.1.0 r82a9585 LEX-LEG x86 64bit/Linux
--- Applying:
    /rvol/GAMS/gams35.1_linux_x64_64_sfx/gmsprmun.txt
--- GAMS Parameters defined
    NLP baron
    Input /home/ps/ce-fs2/tk3016/WCGO/Full_testing/NLP/random_polynomials/NLP/d3n16R8R9d01d1.gms
    ScrDir /home/ps/ce-fs2/tk3016/WCGO/Full_testing/NLP/random_polynomials/NLP/225c/
    SysDir /rvol/GAMS/gams35.1_linux_x64_64_sfx/
    Trace /home/ps/ce-fs2/tk3016/WCGO/Full_testing/NLP/random_polynomials/NLP/trace.trc
    TraceOpt 3
    ResLim 3600
    OptCR 0.001
    OptCA 1E-5
    Threads 24
Licensee: Medium MUD - 10 User License                   S200525/0001AP-LNX
          Imperial College London, Centre for Process Systems EngineerDC621
          /rvol/GAMS/gams35.1_linux_x64_64_sfx/gamslice.txt
GAMS 35.1.0   Copyright (C) 1987-2021 GAMS Development. All rights reserved
--- Starting compilation
--- d3n16R8R9d01d1.gms(89) 2 Mb
--- Starting execution: elapsed 0:00:00.049
--- d3n16R8R9d01d1.gms(83) 3 Mb
--- Generating NLP model m
--- d3n16R8R9d01d1.gms(88) 5 Mb
---   17 rows  17 columns  273 non-zeroes
---   1,870 nl-code  90 nl-non-zeroes
--- d3n16R8R9d01d1.gms(88) 3 Mb
--- Executing BARON (Solvelink=2): elapsed 0:00:00.125

GAMS/BARON       35.1.0 r82a9585 Released Apr 29, 2021 LEG x86 64bit/Linux    

===========================================================================
 BARON version 21.1.13. Built: LNX-64 Wed Jan 13 16:01:25 EST 2021

 BARON is a product of The Optimization Firm.
 For information on BARON, see https://minlp.com/about-baron

 If you use this software, please cite publications from
 https://minlp.com/baron-publications, such as: 

 Khajavirad, A. and N. V. Sahinidis,
 A hybrid LP/NLP paradigm for global optimization relaxations,
 Mathematical Programming Computation, 10, 383-421, 2018.
===========================================================================
 This BARON run may utilize the following subsolver(s)
 For LP/MIP/QP: ILOG CPLEX                                      
 For NLP: MINOS, SNOPT, GAMS external NLP, IPOPT, FILTERSD, FILTERSQP
===========================================================================
 Doing local search
 Preprocessing found feasible solution with value  1352.75909188     
 Solving bounding LP
 Starting multi-start local search
 Preprocessing found feasible solution with value  1177.86612318     
 Done with local search
===========================================================================
  Iteration    Open nodes         Time (s)    Lower bound      Upper bound
          1             1             0.76     484.659          1177.87    
        134+            3            30.83     642.353          1177.87    
        179+            7            60.88     742.292          1177.87    
        200+            5            90.98     742.292          1177.87    
        248+            8           121.08     817.155          1177.87    
        278+            4           151.21     817.155          1177.87    
       1043            14           181.27     1052.26          1177.87    
       1179             0           184.35     1176.69          1177.87    

 Calculating duals

                         *** Normal completion ***            

 Wall clock time:                   184.39
 Total CPU time used:               183.38

 Total no. of BaR iterations:    1179
 Best solution found at node:     443
 Max. no. of nodes in memory:      16
 
 All done
===========================================================================

Solution      = 1177.8661225593  found at node 443
Best possible = 1176.68943313
Absolute gap  = 1.17668942929936  optca = 1E-5
Relative gap  = 0.00099900099575206  optcr = 0.001
  (Note that BARON uses a different formula to compute the relative gap as
   was used for the above reported value.)

--- Reading solution for model m
*** Status: Normal completion
--- Job d3n16R8R9d01d1.gms Stop 07/20/21 09:50:45 elapsed 0:03:04.729