--- Job d3n16R8R9d0005d05 Start 07/20/21 09:50:45 35.1.0 r82a9585 LEX-LEG x86 64bit/Linux
--- Applying:
    /rvol/GAMS/gams35.1_linux_x64_64_sfx/gmsprmun.txt
--- GAMS Parameters defined
    NLP baron
    Input /home/ps/ce-fs2/tk3016/WCGO/Full_testing/NLP/random_polynomials/NLP/d3n16R8R9d0005d05.gms
    ScrDir /home/ps/ce-fs2/tk3016/WCGO/Full_testing/NLP/random_polynomials/NLP/225c/
    SysDir /rvol/GAMS/gams35.1_linux_x64_64_sfx/
    Trace /home/ps/ce-fs2/tk3016/WCGO/Full_testing/NLP/random_polynomials/NLP/trace.trc
    TraceOpt 3
    ResLim 3600
    OptCR 0.001
    OptCA 1E-5
    Threads 24
Licensee: Medium MUD - 10 User License                   S200525/0001AP-LNX
          Imperial College London, Centre for Process Systems EngineerDC621
          /rvol/GAMS/gams35.1_linux_x64_64_sfx/gamslice.txt
GAMS 35.1.0   Copyright (C) 1987-2021 GAMS Development. All rights reserved
--- Starting compilation
--- d3n16R8R9d0005d05.gms(89) 2 Mb
--- Starting execution: elapsed 0:00:00.011
--- d3n16R8R9d0005d05.gms(83) 3 Mb
--- Generating NLP model m
--- d3n16R8R9d0005d05.gms(88) 5 Mb
---   17 rows  17 columns  209 non-zeroes
---   145 nl-code  30 nl-non-zeroes
--- d3n16R8R9d0005d05.gms(88) 3 Mb
--- Executing BARON (Solvelink=2): elapsed 0:00:00.134

GAMS/BARON       35.1.0 r82a9585 Released Apr 29, 2021 LEG x86 64bit/Linux    

===========================================================================
 BARON version 21.1.13. Built: LNX-64 Wed Jan 13 16:01:25 EST 2021

 BARON is a product of The Optimization Firm.
 For information on BARON, see https://minlp.com/about-baron

 If you use this software, please cite publications from
 https://minlp.com/baron-publications, such as: 

 Khajavirad, A. and N. V. Sahinidis,
 A hybrid LP/NLP paradigm for global optimization relaxations,
 Mathematical Programming Computation, 10, 383-421, 2018.
===========================================================================
 This BARON run may utilize the following subsolver(s)
 For LP/MIP/QP: ILOG CPLEX                                      
 For NLP: MINOS, SNOPT, GAMS external NLP, IPOPT, FILTERSD, FILTERSQP
===========================================================================
 Doing local search
 Preprocessing found feasible solution with value  35.4836914909     
 Solving bounding LP
 Starting multi-start local search
 Preprocessing found feasible solution with value  35.4198627777     
 Done with local search
===========================================================================
  Iteration    Open nodes         Time (s)    Lower bound      Upper bound
          1             1             0.55     30.1468          35.4199    
          3             0             0.70     35.3845          35.4199    

 Calculating duals

                         *** Normal completion ***            

 Wall clock time:                     0.72
 Total CPU time used:                 0.26

 Total no. of BaR iterations:       3
 Best solution found at node:      -1
 Max. no. of nodes in memory:       2
 
 All done
===========================================================================

Solution      = 35.4198627776853  best solution found during preprocessing
Best possible = 35.3844782994
Absolute gap  = 0.035384478285259  optca = 1E-5
Relative gap  = 0.00099900099860216  optcr = 0.001
  (Note that BARON uses a different formula to compute the relative gap as
   was used for the above reported value.)

--- Reading solution for model m
*** Status: Normal completion
--- Job d3n16R8R9d0005d05.gms Stop 07/20/21 09:50:46 elapsed 0:00:01.029