--- Job d4n12R3R7d1d05 Start 07/20/21 00:47:32 35.1.0 r82a9585 LEX-LEG x86 64bit/Linux
--- Applying:
    /rvol/GAMS/gams35.1_linux_x64_64_sfx/gmsprmun.txt
--- GAMS Parameters defined
    NLP baron
    Input /home/ps/ce-fs2/tk3016/WCGO/Full_testing/NLP/random_polynomials/NLP/d4n12R3R7d1d05.gms
    ScrDir /home/ps/ce-fs2/tk3016/WCGO/Full_testing/NLP/random_polynomials/NLP/225c/
    SysDir /rvol/GAMS/gams35.1_linux_x64_64_sfx/
    Trace /home/ps/ce-fs2/tk3016/WCGO/Full_testing/NLP/random_polynomials/NLP/trace.trc
    TraceOpt 3
    ResLim 3600
    OptCR 0.001
    OptCA 1E-5
    Threads 24
Licensee: Medium MUD - 10 User License                   S200525/0001AP-LNX
          Imperial College London, Centre for Process Systems EngineerDC621
          /rvol/GAMS/gams35.1_linux_x64_64_sfx/gamslice.txt
GAMS 35.1.0   Copyright (C) 1987-2021 GAMS Development. All rights reserved
--- Starting compilation
--- d4n12R3R7d1d05.gms(67) 2 Mb
--- Starting execution: elapsed 0:00:00.080
--- d4n12R3R7d1d05.gms(61) 3 Mb
--- Generating NLP model m
--- d4n12R3R7d1d05.gms(66) 5 Mb
---   10 rows  13 columns  103 non-zeroes
---   27,542 nl-code  60 nl-non-zeroes
--- d4n12R3R7d1d05.gms(66) 3 Mb
--- Executing BARON (Solvelink=2): elapsed 0:00:00.185

GAMS/BARON       35.1.0 r82a9585 Released Apr 29, 2021 LEG x86 64bit/Linux    

===========================================================================
 BARON version 21.1.13. Built: LNX-64 Wed Jan 13 16:01:25 EST 2021

 BARON is a product of The Optimization Firm.
 For information on BARON, see https://minlp.com/about-baron

 If you use this software, please cite publications from
 https://minlp.com/baron-publications, such as: 

 Khajavirad, A. and N. V. Sahinidis,
 A hybrid LP/NLP paradigm for global optimization relaxations,
 Mathematical Programming Computation, 10, 383-421, 2018.
===========================================================================
 This BARON run may utilize the following subsolver(s)
 For LP/MIP/QP: ILOG CPLEX                                      
 For NLP: MINOS, SNOPT, GAMS external NLP, IPOPT, FILTERSD, FILTERSQP
===========================================================================
 Doing local search
 Preprocessing found feasible solution with value  24530.7601167     
 Solving bounding LP
 Starting multi-start local search
 Done with local search
===========================================================================
  Iteration    Open nodes         Time (s)    Lower bound      Upper bound
          1             1             4.63     11578.0          24530.8    
         11             6            35.49     13102.5          24530.8    
         20            11            66.33     13102.5          24530.8    
         37            11            97.14     13102.5          24530.8    
         50            12           129.12     13102.5          24530.8    
         61            10           163.66     13102.5          24530.8    
         69            10           197.11     13102.5          24530.8    
         78            11           227.86     13102.5          24530.8    
         91            11           259.75     13102.5          24530.8    
        103            10           291.80     13102.5          24530.8    
        115             9           322.49     13102.5          24530.8    
        123             9           354.18     13102.5          24530.8    
        134            11           384.56     13102.5          24530.8    
        145            10           415.93     13102.5          24530.8    
        159             9           447.36     13102.5          24530.8    
        169            10           479.36     13102.5          24530.8    
        180            11           509.53     13102.5          24530.8    
        193             8           542.08     13102.5          24530.8    
        202            10           575.77     13102.5          24530.8    
        207            12           606.47     13477.5          24530.8    
        213            15           638.04     13477.5          24530.8    
        221            19           670.15     13477.5          24530.8    
        229            21           700.38     13477.5          24530.8    
        238            21           730.49     13477.5          24530.8    
        250            19           763.21     13477.5          24530.8    
        257            23           793.96     13477.5          24530.8    
        268            20           829.38     13477.5          24530.8    
        277            20           859.65     13477.5          24530.8    
        287            18           889.96     13477.5          24530.8    
        296            19           923.55     13477.5          24530.8    
        304            20           954.02     13477.5          24530.8    
        311            22           984.83     13477.5          24530.8    
        321            21          1016.62     13477.5          24530.8    
        330            21          1050.41     13477.5          24530.8    
        339            20          1080.79     13477.5          24530.8    
        349            18          1111.16     13477.5          24530.8    
        356            19          1142.02     13477.5          24530.8    
        363            21          1174.31     13477.5          24530.8    
        372            18          1204.64     13477.5          24530.8    
        379            20          1237.19     13477.5          24530.8    
        389            19          1271.15     13477.5          24530.8    
        398            18          1301.62     13477.5          24530.8    
        407            18          1336.59     13880.5          24530.8    
        412            20          1367.66     14876.6          24530.8    
        419            24          1400.39     14876.6          24530.8    
        427            28          1432.80     14876.6          24530.8    
        439            29          1463.30     14876.6          24530.8    
        451            28          1496.68     14876.6          24530.8    
        456            28          1530.35     14876.6          24530.8    
        463            29          1560.62     14876.6          24530.8    
        474            27          1593.25     14876.6          24530.8    
        483            28          1625.81     14876.6          24530.8    
        494            29          1656.35     14876.6          24530.8    
        506            28          1689.16     14876.6          24530.8    
        515            28          1720.15     14876.6          24530.8    
        519            28          1751.17     14876.6          24530.8    
        529            28          1784.89     14876.6          24530.8    
        537            27          1818.28     14876.6          24530.8    
        547            28          1850.45     14876.6          24530.8    
        556            27          1882.30     14876.6          24530.8    
        566            26          1912.69     14876.6          24530.8    
        576            25          1943.85     14876.6          24530.8    
        585            28          1975.85     14876.6          24530.8    
        598            28          2011.27     14876.6          24530.8    
        609            27          2042.12     15097.4          24530.8    
        615            30          2076.24     15225.3          24530.8    
        623            34          2107.44     15225.3          24530.8    
        638            34          2139.87     15225.3          24530.8    
        650            35          2170.10     15225.3          24530.8    
        664            35          2202.18     15225.3          24530.8    
        676            33          2235.95     15225.3          24530.8    
        686            34          2267.42     15225.3          24530.8    
        698            32          2298.78     15225.3          24530.8    
        706            34          2332.64     15225.3          24530.8    
        717            35          2365.79     15225.3          24530.8    
        726            36          2395.89     15225.3          24530.8    
        735            35          2429.64     15225.3          24530.8    
        743            38          2462.80     15225.3          24530.8    
        754            35          2493.31     15225.3          24530.8    
        760            35          2524.10     15225.3          24530.8    
        769            34          2555.55     15225.3          24530.8    
        781            35          2585.66     15225.3          24530.8    
        794            33          2616.04     15225.3          24530.8    
        807            36          2648.93     15225.3          24530.8    
        814            37          2682.09     15398.6          24530.8    
        821            41          2713.57     15398.6          24530.8    
        832            44          2747.26     15398.6          24530.8    
        846            44          2777.67     15398.6          24530.8    
        858            43          2808.93     15398.6          24530.8    
        869            45          2838.95     15398.6          24530.8    
        878            43          2871.74     15398.6          24530.8    
        890            43          2903.41     15398.6          24530.8    
        899            44          2934.07     15398.6          24530.8    
        907            43          2965.22     15398.6          24530.8    
        917            43          2998.39     15398.6          24530.8    
        929            42          3028.92     15398.6          24530.8    
        938            42          3060.16     15398.6          24530.8    
        950            42          3091.64     15398.6          24530.8    
        961            43          3125.07     15398.6          24530.8    
        971            43          3159.51     15398.6          24530.8    
        982            42          3191.61     15398.6          24530.8    
        996            42          3222.94     15398.6          24530.8    
       1007            42          3253.51     15398.6          24530.8    
       1014            44          3285.82     15838.0          24530.8    
       1021            48          3319.00     15838.0          24530.8    
       1029            52          3350.91     15838.0          24530.8    
       1039            53          3382.94     15838.0          24530.8    
       1051            54          3413.06     15838.0          24530.8    
       1065            54          3445.68     15838.0          24530.8    
       1078            52          3478.24     15838.0          24530.8    
       1091            52          3510.43     15838.0          24530.8    
       1102            53          3544.88     15838.0          24530.8    
       1113            50          3576.69     15838.0          24530.8    
       1121            54          3600.10     15838.0          24530.8    

                    *** Max. allowable time exceeded ***      

 Wall clock time:                  3600.11
 Total CPU time used:              4191.44

 Total no. of BaR iterations:    1121
 Best solution found at node:      -1
 Max. no. of nodes in memory:      55
 
 All done
===========================================================================

Solution      = 24530.7601148501  best solution found during preprocessing
Best possible = 15837.9927439
Absolute gap  = 8692.76737095007  optca = 1E-5
Relative gap  = 0.35436192479367  optcr = 0.001
  (Note that BARON uses a different formula to compute the relative gap as
   was used for the above reported value.)

--- Reading solution for model m
***
*** Solver did not provide marginals for model m
***
*** Status: Normal completion
--- Job d4n12R3R7d1d05.gms Stop 07/20/21 01:47:32 elapsed 1:00:00.577