--- Job d5n8R4R6d01d05 Start 07/19/21 19:40:20 35.1.0 r82a9585 LEX-LEG x86 64bit/Linux
--- Applying:
    /rvol/GAMS/gams35.1_linux_x64_64_sfx/gmsprmun.txt
--- GAMS Parameters defined
    NLP baron
    Input /home/ps/ce-fs2/tk3016/WCGO/Full_testing/NLP/random_polynomials/NLP/d5n8R4R6d01d05.gms
    ScrDir /home/ps/ce-fs2/tk3016/WCGO/Full_testing/NLP/random_polynomials/NLP/225c/
    SysDir /rvol/GAMS/gams35.1_linux_x64_64_sfx/
    Trace /home/ps/ce-fs2/tk3016/WCGO/Full_testing/NLP/random_polynomials/NLP/trace.trc
    TraceOpt 3
    ResLim 3600
    OptCR 0.001
    OptCA 1E-5
    Threads 24
Licensee: Medium MUD - 10 User License                   S200525/0001AP-LNX
          Imperial College London, Centre for Process Systems EngineerDC621
          /rvol/GAMS/gams35.1_linux_x64_64_sfx/gamslice.txt
GAMS 35.1.0   Copyright (C) 1987-2021 GAMS Development. All rights reserved
--- Starting compilation
--- d5n8R4R6d01d05.gms(59) 2 Mb
--- Starting execution: elapsed 0:00:00.037
--- d5n8R4R6d01d05.gms(53) 3 Mb
--- Generating NLP model m
--- d5n8R4R6d01d05.gms(58) 5 Mb
---   10 rows  9 columns  65 non-zeroes
---   2,521 nl-code  37 nl-non-zeroes
--- d5n8R4R6d01d05.gms(58) 3 Mb
--- Executing BARON (Solvelink=2): elapsed 0:00:00.154

GAMS/BARON       35.1.0 r82a9585 Released Apr 29, 2021 LEG x86 64bit/Linux    

===========================================================================
 BARON version 21.1.13. Built: LNX-64 Wed Jan 13 16:01:25 EST 2021

 BARON is a product of The Optimization Firm.
 For information on BARON, see https://minlp.com/about-baron

 If you use this software, please cite publications from
 https://minlp.com/baron-publications, such as: 

 Khajavirad, A. and N. V. Sahinidis,
 A hybrid LP/NLP paradigm for global optimization relaxations,
 Mathematical Programming Computation, 10, 383-421, 2018.
===========================================================================
 This BARON run may utilize the following subsolver(s)
 For LP/MIP/QP: ILOG CPLEX                                      
 For NLP: MINOS, SNOPT, GAMS external NLP, IPOPT, FILTERSD, FILTERSQP
===========================================================================
 Doing local search
 Preprocessing found feasible solution with value  3473.85460814     
 Solving bounding LP
 Starting multi-start local search
 Done with local search
===========================================================================
  Iteration    Open nodes         Time (s)    Lower bound      Upper bound
          1             1             2.52     389.682          3473.85    
        715            27            32.56     1791.06          3473.85    
       1480            47            62.62     2427.69          3473.85    
       2299            40            92.67     2486.16          3473.85    
       3077            48           122.74     2638.93          3473.85    
       3880            34           152.88     2693.83          3473.85    
       4711            16           182.94     2751.52          3473.85    
       5125             0           197.29     3470.38          3473.85    

 Calculating duals

                         *** Normal completion ***            

 Wall clock time:                   197.31
 Total CPU time used:               195.06

 Total no. of BaR iterations:    5125
 Best solution found at node:    2043
 Max. no. of nodes in memory:      49
 
 All done
===========================================================================

Solution      = 3473.85460437701  found at node 2043
Best possible = 3470.38170057
Absolute gap  = 3.47290380701406  optca = 1E-5
Relative gap  = 0.000999726299033427  optcr = 0.001
  (Note that BARON uses a different formula to compute the relative gap as
   was used for the above reported value.)

--- Reading solution for model m
*** Status: Normal completion
--- Job d5n8R4R6d01d05.gms Stop 07/19/21 19:43:37 elapsed 0:03:17.706