--- Job d5n8R0R6d005d05 Start 07/19/21 13:06:36 35.1.0 r82a9585 LEX-LEG x86 64bit/Linux
--- Applying:
    /rvol/GAMS/gams35.1_linux_x64_64_sfx/gmsprmun.txt
--- GAMS Parameters defined
    NLP baron
    Input /home/ps/ce-fs2/tk3016/WCGO/Full_testing/NLP/random_polynomials/NLP/d5n8R0R6d005d05.gms
    ScrDir /home/ps/ce-fs2/tk3016/WCGO/Full_testing/NLP/random_polynomials/NLP/225c/
    SysDir /rvol/GAMS/gams35.1_linux_x64_64_sfx/
    Trace /home/ps/ce-fs2/tk3016/WCGO/Full_testing/NLP/random_polynomials/NLP/trace.trc
    TraceOpt 3
    ResLim 3600
    OptCR 0.001
    OptCA 1E-5
    Threads 24
Licensee: Medium MUD - 10 User License                   S200525/0001AP-LNX
          Imperial College London, Centre for Process Systems EngineerDC621
          /rvol/GAMS/gams35.1_linux_x64_64_sfx/gamslice.txt
GAMS 35.1.0   Copyright (C) 1987-2021 GAMS Development. All rights reserved
--- Starting compilation
--- d5n8R0R6d005d05.gms(51) 2 Mb
--- Starting execution: elapsed 0:00:00.048
--- d5n8R0R6d005d05.gms(45) 3 Mb
--- Generating NLP model m
--- d5n8R0R6d005d05.gms(50) 5 Mb
---   6 rows  9 columns  49 non-zeroes
---   1,301 nl-code  34 nl-non-zeroes
--- d5n8R0R6d005d05.gms(50) 3 Mb
--- Executing BARON (Solvelink=2): elapsed 0:00:00.128

GAMS/BARON       35.1.0 r82a9585 Released Apr 29, 2021 LEG x86 64bit/Linux    

===========================================================================
 BARON version 21.1.13. Built: LNX-64 Wed Jan 13 16:01:25 EST 2021

 BARON is a product of The Optimization Firm.
 For information on BARON, see https://minlp.com/about-baron

 If you use this software, please cite publications from
 https://minlp.com/baron-publications, such as: 

 Khajavirad, A. and N. V. Sahinidis,
 A hybrid LP/NLP paradigm for global optimization relaxations,
 Mathematical Programming Computation, 10, 383-421, 2018.
===========================================================================
 This BARON run may utilize the following subsolver(s)
 For LP/MIP/QP: ILOG CPLEX                                      
 For NLP: MINOS, SNOPT, GAMS external NLP, IPOPT, FILTERSD, FILTERSQP
===========================================================================
 Preprocessing found feasible solution with value  19521.1527765     
 Doing local search
 Preprocessing found feasible solution with value  197.291851355     
 Solving bounding LP
 Starting multi-start local search
 Done with local search
===========================================================================
  Iteration    Open nodes         Time (s)    Lower bound      Upper bound
          1             1             0.83    -649.337          197.292    
        573             0            10.28     197.095          197.292    

                         *** Normal completion ***            

 Wall clock time:                    10.30
 Total CPU time used:                 9.73

 Total no. of BaR iterations:     573
 Best solution found at node:      23
 Max. no. of nodes in memory:      13
 
 All done
===========================================================================

Solution      = 197.291851354745  found at node 23
Best possible = 197.094756598
Absolute gap  = 0.197094756744605  optca = 1E-5
Relative gap  = 0.000999000999743342  optcr = 0.001
  (Note that BARON uses a different formula to compute the relative gap as
   was used for the above reported value.)

--- Reading solution for model m
*** Status: Normal completion
--- Job d5n8R0R6d005d05.gms Stop 07/19/21 13:06:47 elapsed 0:00:10.717