--- Job d5n8R0R6d01d05 Start 07/19/21 12:04:18 35.1.0 r82a9585 LEX-LEG x86 64bit/Linux
--- Applying:
    /rvol/GAMS/gams35.1_linux_x64_64_sfx/gmsprmun.txt
--- GAMS Parameters defined
    NLP baron
    Input /home/ps/ce-fs2/tk3016/WCGO/Full_testing/NLP/random_polynomials/NLP/d5n8R0R6d01d05.gms
    ScrDir /home/ps/ce-fs2/tk3016/WCGO/Full_testing/NLP/random_polynomials/NLP/225c/
    SysDir /rvol/GAMS/gams35.1_linux_x64_64_sfx/
    Trace /home/ps/ce-fs2/tk3016/WCGO/Full_testing/NLP/random_polynomials/NLP/trace.trc
    TraceOpt 3
    ResLim 3600
    OptCR 0.001
    OptCA 1E-5
    Threads 24
Licensee: Medium MUD - 10 User License                   S200525/0001AP-LNX
          Imperial College London, Centre for Process Systems EngineerDC621
          /rvol/GAMS/gams35.1_linux_x64_64_sfx/gamslice.txt
GAMS 35.1.0   Copyright (C) 1987-2021 GAMS Development. All rights reserved
--- Starting compilation
--- d5n8R0R6d01d05.gms(51) 2 Mb
--- Starting execution: elapsed 0:00:00.050
--- d5n8R0R6d01d05.gms(45) 3 Mb
--- Generating NLP model m
--- d5n8R0R6d01d05.gms(50) 5 Mb
---   6 rows  9 columns  49 non-zeroes
---   2,560 nl-code  32 nl-non-zeroes
--- d5n8R0R6d01d05.gms(50) 3 Mb
--- Executing BARON (Solvelink=2): elapsed 0:00:00.113

GAMS/BARON       35.1.0 r82a9585 Released Apr 29, 2021 LEG x86 64bit/Linux    

===========================================================================
 BARON version 21.1.13. Built: LNX-64 Wed Jan 13 16:01:25 EST 2021

 BARON is a product of The Optimization Firm.
 For information on BARON, see https://minlp.com/about-baron

 If you use this software, please cite publications from
 https://minlp.com/baron-publications, such as: 

 Khajavirad, A. and N. V. Sahinidis,
 A hybrid LP/NLP paradigm for global optimization relaxations,
 Mathematical Programming Computation, 10, 383-421, 2018.
===========================================================================
 This BARON run may utilize the following subsolver(s)
 For LP/MIP/QP: ILOG CPLEX                                      
 For NLP: MINOS, SNOPT, GAMS external NLP, IPOPT, FILTERSD, FILTERSQP
===========================================================================
 Preprocessing found feasible solution with value  42799.5654601     
 Doing local search
 Preprocessing found feasible solution with value  2753.54652046     
 Solving bounding LP
 Starting multi-start local search
 Done with local search
===========================================================================
  Iteration    Open nodes         Time (s)    Lower bound      Upper bound
          1             1             0.71     710.694          2753.55    
        565            14            30.72     1317.14          2753.55    
       1064            28            60.81     1723.67          2753.55    
       1573            22            90.88     1813.49          2753.55    
       2095            11           120.95     2126.32          2753.55    
       2377             0           136.59     2750.79          2753.55    

                         *** Normal completion ***            

 Wall clock time:                   136.60
 Total CPU time used:               135.72

 Total no. of BaR iterations:    2377
 Best solution found at node:      43
 Max. no. of nodes in memory:      33
 
 All done
===========================================================================

Solution      = 2753.5465193349  found at node 43
Best possible = 2750.79316448
Absolute gap  = 2.75335485489586  optca = 1E-5
Relative gap  = 0.000999930393607775  optcr = 0.001
  (Note that BARON uses a different formula to compute the relative gap as
   was used for the above reported value.)

--- Reading solution for model m
*** Status: Normal completion
--- Job d5n8R0R6d01d05.gms Stop 07/19/21 12:06:35 elapsed 0:02:16.957