--- Job d5n8R2R6d01d05 Start 07/19/21 15:08:03 35.1.0 r82a9585 LEX-LEG x86 64bit/Linux
--- Applying:
    /rvol/GAMS/gams35.1_linux_x64_64_sfx/gmsprmun.txt
--- GAMS Parameters defined
    NLP baron
    Input /home/ps/ce-fs2/tk3016/WCGO/Full_testing/NLP/random_polynomials/NLP/d5n8R2R6d01d05.gms
    ScrDir /home/ps/ce-fs2/tk3016/WCGO/Full_testing/NLP/random_polynomials/NLP/225c/
    SysDir /rvol/GAMS/gams35.1_linux_x64_64_sfx/
    Trace /home/ps/ce-fs2/tk3016/WCGO/Full_testing/NLP/random_polynomials/NLP/trace.trc
    TraceOpt 3
    ResLim 3600
    OptCR 0.001
    OptCA 1E-5
    Threads 24
Licensee: Medium MUD - 10 User License                   S200525/0001AP-LNX
          Imperial College London, Centre for Process Systems EngineerDC621
          /rvol/GAMS/gams35.1_linux_x64_64_sfx/gamslice.txt
GAMS 35.1.0   Copyright (C) 1987-2021 GAMS Development. All rights reserved
--- Starting compilation
--- d5n8R2R6d01d05.gms(55) 2 Mb
--- Starting execution: elapsed 0:00:00.044
--- d5n8R2R6d01d05.gms(49) 3 Mb
--- Generating NLP model m
--- d5n8R2R6d01d05.gms(54) 5 Mb
---   8 rows  9 columns  57 non-zeroes
---   2,534 nl-code  35 nl-non-zeroes
--- d5n8R2R6d01d05.gms(54) 3 Mb
--- Executing BARON (Solvelink=2): elapsed 0:00:00.139

GAMS/BARON       35.1.0 r82a9585 Released Apr 29, 2021 LEG x86 64bit/Linux    

===========================================================================
 BARON version 21.1.13. Built: LNX-64 Wed Jan 13 16:01:25 EST 2021

 BARON is a product of The Optimization Firm.
 For information on BARON, see https://minlp.com/about-baron

 If you use this software, please cite publications from
 https://minlp.com/baron-publications, such as: 

 Khajavirad, A. and N. V. Sahinidis,
 A hybrid LP/NLP paradigm for global optimization relaxations,
 Mathematical Programming Computation, 10, 383-421, 2018.
===========================================================================
 This BARON run may utilize the following subsolver(s)
 For LP/MIP/QP: ILOG CPLEX                                      
 For NLP: MINOS, SNOPT, GAMS external NLP, IPOPT, FILTERSD, FILTERSQP
===========================================================================
 Doing local search
 Preprocessing found feasible solution with value  3044.93031927     
 Solving bounding LP
 Starting multi-start local search
 Preprocessing found feasible solution with value  2819.24058769     
 Done with local search
===========================================================================
  Iteration    Open nodes         Time (s)    Lower bound      Upper bound
          1             1             1.68     373.952          2819.24    
        769            40            31.74     1227.18          2819.24    
       1495            58            61.85     1542.69          2819.24    
       2274            83            91.92     1636.17          2819.24    
       3087           105           122.00     1842.17          2819.24    
       3836           131           152.10     1894.48          2819.24    
       4680           150           182.21     1994.28          2819.24    
       5416           157           212.33     2041.74          2819.24    
       6266           179           242.59     2176.66          2819.24    
       6972           184           272.67     2181.20          2819.24    
       7777           196           302.73     2231.94          2819.24    
       8652           202           332.78     2252.69          2819.24    
       9446           215           362.84     2277.57          2819.24    
      10094           214           392.88     2290.02          2819.24    
      10913           213           422.96     2324.37          2819.24    
      11809           218           453.00     2335.83          2819.24    
      12629           225           483.03     2349.25          2819.24    
      13535           221           513.06     2368.45          2819.24    
      14410           224           543.11     2415.56          2819.24    
      15221           243           573.20     2431.20          2819.24    
      16061           262           603.25     2444.71          2819.24    
      16790           257           633.31     2458.47          2819.24    
      17451           250           663.38     2469.68          2819.24    
      18265           233           693.41     2480.17          2819.24    
      18970           226           723.46     2489.17          2819.24    
      19779           219           753.51     2514.61          2819.24    
      20610           219           783.60     2526.93          2819.24    
      21515           225           813.68     2541.89          2819.24    
      22341           248           843.79     2547.41          2819.24    
      23252           246           873.82     2551.09          2819.24    
      24145           239           903.88     2560.23          2819.24    
      25065           237           933.93     2566.82          2819.24    
      25981           244           963.97     2569.70          2819.24    
      26855           249           994.03     2578.58          2819.24    
      27704           251          1024.11     2595.12          2819.24    
      28551           247          1054.16     2603.81          2819.24    
      29380           250          1084.20     2617.16          2819.24    
      30222           235          1114.27     2624.26          2819.24    
      31151           240          1144.32     2628.47          2819.24    
      32041           249          1174.38     2634.63          2819.24    
      32846           252          1204.45     2641.85          2819.24    
      33700           233          1234.52     2649.43          2819.24    
      34523           245          1264.56     2656.58          2819.24    
      35356           240          1294.61     2662.75          2819.24    
      36212           244          1324.63     2666.16          2819.24    
      37180           246          1354.67     2673.34          2819.24    
      38150           239          1384.73     2675.53          2819.24    
      39062           224          1414.80     2678.46          2819.24    
      39952           227          1444.87     2682.71          2819.24    
      40805           237          1474.92     2685.74          2819.24    
      41789           216          1505.01     2692.77          2819.24    
      42694           193          1535.07     2699.17          2819.24    
      43567           183          1565.12     2703.29          2819.24    
      44558           166          1595.17     2706.62          2819.24    
      45449           158          1625.24     2715.92          2819.24    
      46359           158          1655.31     2719.73          2819.24    
      47324           123          1685.35     2727.63          2819.24    
      48200            99          1715.39     2737.29          2819.24    
      49101            54          1745.47     2746.49          2819.24    
      49683             0          1764.96     2816.42          2819.24    

                         *** Normal completion ***            

 Wall clock time:                  1764.99
 Total CPU time used:              1746.33

 Total no. of BaR iterations:   49683
 Best solution found at node:   42262
 Max. no. of nodes in memory:     266
 
 All done
===========================================================================

Solution      = 2819.24058699048  found at node 42262
Best possible = 2816.421464
Absolute gap  = 2.81912299047644  optca = 1E-5
Relative gap  = 0.000999958287875616  optcr = 0.001
  (Note that BARON uses a different formula to compute the relative gap as
   was used for the above reported value.)

--- Reading solution for model m
*** Status: Normal completion
--- Job d5n8R2R6d01d05.gms Stop 07/19/21 15:37:29 elapsed 0:29:25.368