--- Job d5n8R4R6d005d1 Start 07/19/21 20:43:38 35.1.0 r82a9585 LEX-LEG x86 64bit/Linux
--- Applying:
    /rvol/GAMS/gams35.1_linux_x64_64_sfx/gmsprmun.txt
--- GAMS Parameters defined
    NLP baron
    Input /home/ps/ce-fs2/tk3016/WCGO/Full_testing/NLP/random_polynomials/NLP/d5n8R4R6d005d1.gms
    ScrDir /home/ps/ce-fs2/tk3016/WCGO/Full_testing/NLP/random_polynomials/NLP/225c/
    SysDir /rvol/GAMS/gams35.1_linux_x64_64_sfx/
    Trace /home/ps/ce-fs2/tk3016/WCGO/Full_testing/NLP/random_polynomials/NLP/trace.trc
    TraceOpt 3
    ResLim 3600
    OptCR 0.001
    OptCA 1E-5
    Threads 24
Licensee: Medium MUD - 10 User License                   S200525/0001AP-LNX
          Imperial College London, Centre for Process Systems EngineerDC621
          /rvol/GAMS/gams35.1_linux_x64_64_sfx/gamslice.txt
GAMS 35.1.0   Copyright (C) 1987-2021 GAMS Development. All rights reserved
--- Starting compilation
--- d5n8R4R6d005d1.gms(59) 2 Mb
--- Starting execution: elapsed 0:00:00.042
--- d5n8R4R6d005d1.gms(53) 3 Mb
--- Generating NLP model m
--- d5n8R4R6d005d1.gms(58) 5 Mb
---   10 rows  9 columns  81 non-zeroes
---   1,324 nl-code  33 nl-non-zeroes
--- d5n8R4R6d005d1.gms(58) 3 Mb
--- Executing BARON (Solvelink=2): elapsed 0:00:00.141

GAMS/BARON       35.1.0 r82a9585 Released Apr 29, 2021 LEG x86 64bit/Linux    

===========================================================================
 BARON version 21.1.13. Built: LNX-64 Wed Jan 13 16:01:25 EST 2021

 BARON is a product of The Optimization Firm.
 For information on BARON, see https://minlp.com/about-baron

 If you use this software, please cite publications from
 https://minlp.com/baron-publications, such as: 

 Khajavirad, A. and N. V. Sahinidis,
 A hybrid LP/NLP paradigm for global optimization relaxations,
 Mathematical Programming Computation, 10, 383-421, 2018.
===========================================================================
 This BARON run may utilize the following subsolver(s)
 For LP/MIP/QP: ILOG CPLEX                                      
 For NLP: MINOS, SNOPT, GAMS external NLP, IPOPT, FILTERSD, FILTERSQP
===========================================================================
 Doing local search
 Preprocessing found feasible solution with value  1267.97112226     
 Solving bounding LP
 Starting multi-start local search
 Done with local search
===========================================================================
  Iteration    Open nodes         Time (s)    Lower bound      Upper bound
          1             1             1.04     326.602          1267.97    
        322            18            31.18     547.675          1267.97    
        671            23            61.24     615.679          1267.97    
       1046            28            91.31     644.664          1267.97    
       1408            30           121.41     652.074          1267.97    
       1763            34           151.59     757.401          1267.97    
       2146            18           181.75     828.893          1267.97    
       2569             4           211.89     1010.76          1267.97    
       2665             0           218.67     1266.70          1267.97    

 Calculating duals

                         *** Normal completion ***            

 Wall clock time:                   218.69
 Total CPU time used:               217.04

 Total no. of BaR iterations:    2665
 Best solution found at node:    2664
 Max. no. of nodes in memory:      39
 
 All done
===========================================================================

Solution      = 1267.97112222628  found at node 2664
Best possible = 1266.70441781
Absolute gap  = 1.26670441627539  optca = 1E-5
Relative gap  = 0.000999000997791919  optcr = 0.001
  (Note that BARON uses a different formula to compute the relative gap as
   was used for the above reported value.)

--- Reading solution for model m
*** Status: Normal completion
--- Job d5n8R4R6d005d1.gms Stop 07/19/21 20:47:17 elapsed 0:03:39.031