--- Job d5n8R2R6d01d1 Start 07/19/21 14:06:48 35.1.0 r82a9585 LEX-LEG x86 64bit/Linux
--- Applying:
    /rvol/GAMS/gams35.1_linux_x64_64_sfx/gmsprmun.txt
--- GAMS Parameters defined
    NLP baron
    Input /home/ps/ce-fs2/tk3016/WCGO/Full_testing/NLP/random_polynomials/NLP/d5n8R2R6d01d1.gms
    ScrDir /home/ps/ce-fs2/tk3016/WCGO/Full_testing/NLP/random_polynomials/NLP/225c/
    SysDir /rvol/GAMS/gams35.1_linux_x64_64_sfx/
    Trace /home/ps/ce-fs2/tk3016/WCGO/Full_testing/NLP/random_polynomials/NLP/trace.trc
    TraceOpt 3
    ResLim 3600
    OptCR 0.001
    OptCA 1E-5
    Threads 24
Licensee: Medium MUD - 10 User License                   S200525/0001AP-LNX
          Imperial College London, Centre for Process Systems EngineerDC621
          /rvol/GAMS/gams35.1_linux_x64_64_sfx/gamslice.txt
GAMS 35.1.0   Copyright (C) 1987-2021 GAMS Development. All rights reserved
--- Starting compilation
--- d5n8R2R6d01d1.gms(55) 2 Mb
--- Starting execution: elapsed 0:00:00.060
--- d5n8R2R6d01d1.gms(49) 3 Mb
--- Generating NLP model m
--- d5n8R2R6d01d1.gms(54) 5 Mb
---   8 rows  9 columns  65 non-zeroes
---   2,602 nl-code  35 nl-non-zeroes
--- d5n8R2R6d01d1.gms(54) 3 Mb
--- Executing BARON (Solvelink=2): elapsed 0:00:00.158

GAMS/BARON       35.1.0 r82a9585 Released Apr 29, 2021 LEG x86 64bit/Linux    

===========================================================================
 BARON version 21.1.13. Built: LNX-64 Wed Jan 13 16:01:25 EST 2021

 BARON is a product of The Optimization Firm.
 For information on BARON, see https://minlp.com/about-baron

 If you use this software, please cite publications from
 https://minlp.com/baron-publications, such as: 

 Khajavirad, A. and N. V. Sahinidis,
 A hybrid LP/NLP paradigm for global optimization relaxations,
 Mathematical Programming Computation, 10, 383-421, 2018.
===========================================================================
 This BARON run may utilize the following subsolver(s)
 For LP/MIP/QP: ILOG CPLEX                                      
 For NLP: MINOS, SNOPT, GAMS external NLP, IPOPT, FILTERSD, FILTERSQP
===========================================================================
 Doing local search
 Preprocessing found feasible solution with value  4197.29993735     
 Solving bounding LP
 Starting multi-start local search
 Done with local search
===========================================================================
  Iteration    Open nodes         Time (s)    Lower bound      Upper bound
          1             1             2.55     1552.33          4197.30    
        715            18            32.60     3044.06          4197.30    
       1428            14            62.67     3594.50          4197.30    
       1703             0            73.98     4193.10          4197.30    

                         *** Normal completion ***            

 Wall clock time:                    73.99
 Total CPU time used:                73.22

 Total no. of BaR iterations:    1703
 Best solution found at node:      10
 Max. no. of nodes in memory:      22
 
 All done
===========================================================================

Solution      = 4197.29993735159  found at node 10
Best possible = 4193.10464068
Absolute gap  = 4.19529667159259  optca = 1E-5
Relative gap  = 0.000999522725135467  optcr = 0.001
  (Note that BARON uses a different formula to compute the relative gap as
   was used for the above reported value.)

--- Reading solution for model m
*** Status: Normal completion
--- Job d5n8R2R6d01d1.gms Stop 07/19/21 14:08:02 elapsed 0:01:14.326