--- Job d5n8R4R6d01d1 Start 07/19/21 18:37:55 35.1.0 r82a9585 LEX-LEG x86 64bit/Linux
--- Applying:
    /rvol/GAMS/gams35.1_linux_x64_64_sfx/gmsprmun.txt
--- GAMS Parameters defined
    NLP baron
    Input /home/ps/ce-fs2/tk3016/WCGO/Full_testing/NLP/random_polynomials/NLP/d5n8R4R6d01d1.gms
    ScrDir /home/ps/ce-fs2/tk3016/WCGO/Full_testing/NLP/random_polynomials/NLP/225c/
    SysDir /rvol/GAMS/gams35.1_linux_x64_64_sfx/
    Trace /home/ps/ce-fs2/tk3016/WCGO/Full_testing/NLP/random_polynomials/NLP/trace.trc
    TraceOpt 3
    ResLim 3600
    OptCR 0.001
    OptCA 1E-5
    Threads 24
Licensee: Medium MUD - 10 User License                   S200525/0001AP-LNX
          Imperial College London, Centre for Process Systems EngineerDC621
          /rvol/GAMS/gams35.1_linux_x64_64_sfx/gamslice.txt
GAMS 35.1.0   Copyright (C) 1987-2021 GAMS Development. All rights reserved
--- Starting compilation
--- d5n8R4R6d01d1.gms(59) 2 Mb
--- Starting execution: elapsed 0:00:00.038
--- d5n8R4R6d01d1.gms(53) 3 Mb
--- Generating NLP model m
--- d5n8R4R6d01d1.gms(58) 5 Mb
---   10 rows  9 columns  81 non-zeroes
---   2,599 nl-code  35 nl-non-zeroes
--- d5n8R4R6d01d1.gms(58) 3 Mb
--- Executing BARON (Solvelink=2): elapsed 0:00:00.371

GAMS/BARON       35.1.0 r82a9585 Released Apr 29, 2021 LEG x86 64bit/Linux    

===========================================================================
 BARON version 21.1.13. Built: LNX-64 Wed Jan 13 16:01:25 EST 2021

 BARON is a product of The Optimization Firm.
 For information on BARON, see https://minlp.com/about-baron

 If you use this software, please cite publications from
 https://minlp.com/baron-publications, such as: 

 Khajavirad, A. and N. V. Sahinidis,
 A hybrid LP/NLP paradigm for global optimization relaxations,
 Mathematical Programming Computation, 10, 383-421, 2018.
===========================================================================
 This BARON run may utilize the following subsolver(s)
 For LP/MIP/QP: ILOG CPLEX                                      
 For NLP: MINOS, SNOPT, GAMS external NLP, IPOPT, FILTERSD, FILTERSQP
===========================================================================
 Doing local search
 Preprocessing found feasible solution with value  2576.30820372     
 Solving bounding LP
 Starting multi-start local search
 Done with local search
===========================================================================
  Iteration    Open nodes         Time (s)    Lower bound      Upper bound
          1             1             0.91    -842.416          2576.31    
        812            31            30.98     592.528          2576.31    
       1722            39            61.02     832.895          2576.31    
       2621            36            91.10     1194.94          2576.31    
       3535            27           121.14     1462.73          2576.31    
       4205             0           142.94     2573.73          2576.31    

 Calculating duals

                         *** Normal completion ***            

 Wall clock time:                   142.97
 Total CPU time used:               140.75

 Total no. of BaR iterations:    4205
 Best solution found at node:    2238
 Max. no. of nodes in memory:      46
 
 All done
===========================================================================

Solution      = 2576.30820096565  found at node 2238
Best possible = 2573.7344665
Absolute gap  = 2.57373446565134  optca = 1E-5
Relative gap  = 0.000999000998671919  optcr = 0.001
  (Note that BARON uses a different formula to compute the relative gap as
   was used for the above reported value.)

--- Reading solution for model m
*** Status: Normal completion
--- Job d5n8R4R6d01d1.gms Stop 07/19/21 18:40:19 elapsed 0:02:23.680