--- Job d6n6R3R6d05d05 Start 07/19/21 11:02:56 35.1.0 r82a9585 LEX-LEG x86 64bit/Linux
--- Applying:
    /rvol/GAMS/gams35.1_linux_x64_64_sfx/gmsprmun.txt
--- GAMS Parameters defined
    NLP baron
    Input /home/ps/ce-fs2/tk3016/WCGO/Full_testing/NLP/random_polynomials/NLP/d6n6R3R6d05d05.gms
    ScrDir /home/ps/ce-fs2/tk3016/WCGO/Full_testing/NLP/random_polynomials/NLP/225c/
    SysDir /rvol/GAMS/gams35.1_linux_x64_64_sfx/
    Trace /home/ps/ce-fs2/tk3016/WCGO/Full_testing/NLP/random_polynomials/NLP/trace.trc
    TraceOpt 3
    ResLim 3600
    OptCR 0.001
    OptCA 1E-5
    Threads 24
Licensee: Medium MUD - 10 User License                   S200525/0001AP-LNX
          Imperial College London, Centre for Process Systems EngineerDC621
          /rvol/GAMS/gams35.1_linux_x64_64_sfx/gamslice.txt
GAMS 35.1.0   Copyright (C) 1987-2021 GAMS Development. All rights reserved
--- Starting compilation
--- d6n6R3R6d05d05.gms(53) 2 Mb
--- Starting execution: elapsed 0:00:00.026
--- d6n6R3R6d05d05.gms(47) 3 Mb
--- Generating NLP model m
--- d6n6R3R6d05d05.gms(52) 5 Mb
---   9 rows  7 columns  46 non-zeroes
---   6,956 nl-code  30 nl-non-zeroes
--- d6n6R3R6d05d05.gms(52) 3 Mb
--- Executing BARON (Solvelink=2): elapsed 0:00:00.101

GAMS/BARON       35.1.0 r82a9585 Released Apr 29, 2021 LEG x86 64bit/Linux    

===========================================================================
 BARON version 21.1.13. Built: LNX-64 Wed Jan 13 16:01:25 EST 2021

 BARON is a product of The Optimization Firm.
 For information on BARON, see https://minlp.com/about-baron

 If you use this software, please cite publications from
 https://minlp.com/baron-publications, such as: 

 Khajavirad, A. and N. V. Sahinidis,
 A hybrid LP/NLP paradigm for global optimization relaxations,
 Mathematical Programming Computation, 10, 383-421, 2018.
===========================================================================
 This BARON run may utilize the following subsolver(s)
 For LP/MIP/QP: ILOG CPLEX                                      
 For NLP: MINOS, SNOPT, GAMS external NLP, IPOPT, FILTERSD, FILTERSQP
===========================================================================
 Doing local search
 Preprocessing found feasible solution with value  19285.2708332     
 Solving bounding LP
 Starting multi-start local search
 Done with local search
===========================================================================
  Iteration    Open nodes         Time (s)    Lower bound      Upper bound
          1             1             1.54     3986.12          19285.3    
        111             6            31.65     8053.67          19285.3    
        243             3            62.18     16651.0          19285.3    
        305             0            76.54     19266.0          19285.3    

 Calculating duals

                         *** Normal completion ***            

 Wall clock time:                    76.58
 Total CPU time used:                75.52

 Total no. of BaR iterations:     305
 Best solution found at node:      21
 Max. no. of nodes in memory:      12
 
 All done
===========================================================================

Solution      = 19285.2708252381  found at node 21
Best possible = 19266.0048204
Absolute gap  = 19.2660048380712  optca = 1E-5
Relative gap  = 0.000999000999916391  optcr = 0.001
  (Note that BARON uses a different formula to compute the relative gap as
   was used for the above reported value.)

--- Reading solution for model m
*** Status: Normal completion
--- Job d6n6R3R6d05d05.gms Stop 07/19/21 11:04:13 elapsed 0:01:17.254