--- Job d6n6R0R6d01d05 Start 07/19/21 07:39:15 35.1.0 r82a9585 LEX-LEG x86 64bit/Linux
--- Applying:
    /rvol/GAMS/gams35.1_linux_x64_64_sfx/gmsprmun.txt
--- GAMS Parameters defined
    NLP baron
    Input /home/ps/ce-fs2/tk3016/WCGO/Full_testing/NLP/random_polynomials/NLP/d6n6R0R6d01d05.gms
    ScrDir /home/ps/ce-fs2/tk3016/WCGO/Full_testing/NLP/random_polynomials/NLP/225c/
    SysDir /rvol/GAMS/gams35.1_linux_x64_64_sfx/
    Trace /home/ps/ce-fs2/tk3016/WCGO/Full_testing/NLP/random_polynomials/NLP/trace.trc
    TraceOpt 3
    ResLim 3600
    OptCR 0.001
    OptCA 1E-5
    Threads 24
Licensee: Medium MUD - 10 User License                   S200525/0001AP-LNX
          Imperial College London, Centre for Process Systems EngineerDC621
          /rvol/GAMS/gams35.1_linux_x64_64_sfx/gamslice.txt
GAMS 35.1.0   Copyright (C) 1987-2021 GAMS Development. All rights reserved
--- Starting compilation
--- d6n6R0R6d01d05.gms(47) 2 Mb
--- Starting execution: elapsed 0:00:00.050
--- d6n6R0R6d01d05.gms(41) 3 Mb
--- Generating NLP model m
--- d6n6R0R6d01d05.gms(46) 5 Mb
---   6 rows  7 columns  37 non-zeroes
---   1,395 nl-code  26 nl-non-zeroes
--- d6n6R0R6d01d05.gms(46) 3 Mb
--- Executing BARON (Solvelink=2): elapsed 0:00:00.151

GAMS/BARON       35.1.0 r82a9585 Released Apr 29, 2021 LEG x86 64bit/Linux    

===========================================================================
 BARON version 21.1.13. Built: LNX-64 Wed Jan 13 16:01:25 EST 2021

 BARON is a product of The Optimization Firm.
 For information on BARON, see https://minlp.com/about-baron

 If you use this software, please cite publications from
 https://minlp.com/baron-publications, such as: 

 Khajavirad, A. and N. V. Sahinidis,
 A hybrid LP/NLP paradigm for global optimization relaxations,
 Mathematical Programming Computation, 10, 383-421, 2018.
===========================================================================
 This BARON run may utilize the following subsolver(s)
 For LP/MIP/QP: ILOG CPLEX                                      
 For NLP: MINOS, SNOPT, GAMS external NLP, IPOPT, FILTERSD, FILTERSQP
===========================================================================
 Preprocessing found feasible solution with value  76332.6226676     
 Doing local search
 Preprocessing found feasible solution with value  4285.75053472     
 Solving bounding LP
 Starting multi-start local search
 Preprocessing found feasible solution with value  3418.25431238     
 Done with local search
===========================================================================
  Iteration    Open nodes         Time (s)    Lower bound      Upper bound
          1             1             1.54    -1460.34          3418.25    
        563             0            15.33     3414.84          3418.25    

 Calculating duals

                         *** Normal completion ***            

 Wall clock time:                    15.36
 Total CPU time used:                14.76

 Total no. of BaR iterations:     563
 Best solution found at node:       1
 Max. no. of nodes in memory:      14
 
 All done
===========================================================================

Solution      = 3418.25431238193  found at node 1
Best possible = 3414.83947291
Absolute gap  = 3.41483947193365  optca = 1E-5
Relative gap  = 0.000999000998715655  optcr = 0.001
  (Note that BARON uses a different formula to compute the relative gap as
   was used for the above reported value.)

--- Reading solution for model m
*** Status: Normal completion
--- Job d6n6R0R6d01d05.gms Stop 07/19/21 07:39:31 elapsed 0:00:15.758