--- Job d6n6R3R6d1d1 Start 07/19/21 10:46:34 35.1.0 r82a9585 LEX-LEG x86 64bit/Linux
--- Applying:
    /rvol/GAMS/gams35.1_linux_x64_64_sfx/gmsprmun.txt
--- GAMS Parameters defined
    NLP baron
    Input /home/ps/ce-fs2/tk3016/WCGO/Full_testing/NLP/random_polynomials/NLP/d6n6R3R6d1d1.gms
    ScrDir /home/ps/ce-fs2/tk3016/WCGO/Full_testing/NLP/random_polynomials/NLP/225c/
    SysDir /rvol/GAMS/gams35.1_linux_x64_64_sfx/
    Trace /home/ps/ce-fs2/tk3016/WCGO/Full_testing/NLP/random_polynomials/NLP/trace.trc
    TraceOpt 3
    ResLim 3600
    OptCR 0.001
    OptCA 1E-5
    Threads 24
Licensee: Medium MUD - 10 User License                   S200525/0001AP-LNX
          Imperial College London, Centre for Process Systems EngineerDC621
          /rvol/GAMS/gams35.1_linux_x64_64_sfx/gamslice.txt
GAMS 35.1.0   Copyright (C) 1987-2021 GAMS Development. All rights reserved
--- Starting compilation
--- d6n6R3R6d1d1.gms(53) 2 Mb
--- Starting execution: elapsed 0:00:00.024
--- d6n6R3R6d1d1.gms(47) 3 Mb
--- Generating NLP model m
--- d6n6R3R6d1d1.gms(52) 5 Mb
---   9 rows  7 columns  55 non-zeroes
---   13,719 nl-code  30 nl-non-zeroes
--- d6n6R3R6d1d1.gms(52) 3 Mb
--- Executing BARON (Solvelink=2): elapsed 0:00:00.110

GAMS/BARON       35.1.0 r82a9585 Released Apr 29, 2021 LEG x86 64bit/Linux    

===========================================================================
 BARON version 21.1.13. Built: LNX-64 Wed Jan 13 16:01:25 EST 2021

 BARON is a product of The Optimization Firm.
 For information on BARON, see https://minlp.com/about-baron

 If you use this software, please cite publications from
 https://minlp.com/baron-publications, such as: 

 Khajavirad, A. and N. V. Sahinidis,
 A hybrid LP/NLP paradigm for global optimization relaxations,
 Mathematical Programming Computation, 10, 383-421, 2018.
===========================================================================
 This BARON run may utilize the following subsolver(s)
 For LP/MIP/QP: ILOG CPLEX                                      
 For NLP: MINOS, SNOPT, GAMS external NLP, IPOPT, FILTERSD, FILTERSQP
===========================================================================
 Doing local search
 Preprocessing found feasible solution with value  28193.9943285     
 Solving bounding LP
 Starting multi-start local search
 Done with local search
===========================================================================
  Iteration    Open nodes         Time (s)    Lower bound      Upper bound
          1             1             2.65     857.645          28194.0    
         27             7            32.87     10727.7          28194.0    
         56             9            63.91     10727.7          28194.0    
         77            12            94.01     10727.7          28194.0    
        116            10           125.11     10727.7          28194.0    
        145            11           155.91     10727.7          28194.0    
        187             8           186.26     10727.7          28194.0    
        214            11           216.85     13349.1          28194.0    
        250             9           247.76     13349.1          28194.0    
        285            10           278.68     13349.1          28194.0    
        321            10           309.21     13349.1          28194.0    
        367             7           339.33     13349.1          28194.0    
        401             8           369.74     13349.1          28194.0    
        430            10           400.78     14037.7          28194.0    
        451            13           430.98     14037.7          28194.0    
        501             4           463.17     14037.7          28194.0    
        529             7           493.44     14037.7          28194.0    
        563             6           523.61     14037.7          28194.0    
        596             6           554.30     14037.7          28194.0    
        641             0           581.50     28165.8          28194.0    

 Calculating duals

                         *** Normal completion ***            

 Wall clock time:                   581.52
 Total CPU time used:               629.26

 Total no. of BaR iterations:     641
 Best solution found at node:     632
 Max. no. of nodes in memory:      13
 
 All done
===========================================================================

Solution      = 28193.994328521  found at node 632
Best possible = 28165.8285
Absolute gap  = 28.1658285209596  optca = 1E-5
Relative gap  = 0.000999000999743664  optcr = 0.001
  (Note that BARON uses a different formula to compute the relative gap as
   was used for the above reported value.)

--- Reading solution for model m
*** Status: Normal completion
--- Job d6n6R3R6d1d1.gms Stop 07/19/21 10:56:16 elapsed 0:09:41.851