--- Job d6n6R3R6d01d05 Start 07/19/21 10:58:57 35.1.0 r82a9585 LEX-LEG x86 64bit/Linux
--- Applying:
    /rvol/GAMS/gams35.1_linux_x64_64_sfx/gmsprmun.txt
--- GAMS Parameters defined
    NLP baron
    Input /home/ps/ce-fs2/tk3016/WCGO/Full_testing/NLP/random_polynomials/NLP/d6n6R3R6d01d05.gms
    ScrDir /home/ps/ce-fs2/tk3016/WCGO/Full_testing/NLP/random_polynomials/NLP/225c/
    SysDir /rvol/GAMS/gams35.1_linux_x64_64_sfx/
    Trace /home/ps/ce-fs2/tk3016/WCGO/Full_testing/NLP/random_polynomials/NLP/trace.trc
    TraceOpt 3
    ResLim 3600
    OptCR 0.001
    OptCA 1E-5
    Threads 24
Licensee: Medium MUD - 10 User License                   S200525/0001AP-LNX
          Imperial College London, Centre for Process Systems EngineerDC621
          /rvol/GAMS/gams35.1_linux_x64_64_sfx/gamslice.txt
GAMS 35.1.0   Copyright (C) 1987-2021 GAMS Development. All rights reserved
--- Starting compilation
--- d6n6R3R6d01d05.gms(53) 2 Mb
--- Starting execution: elapsed 0:00:00.019
--- d6n6R3R6d01d05.gms(47) 3 Mb
--- Generating NLP model m
--- d6n6R3R6d01d05.gms(52) 5 Mb
---   9 rows  7 columns  46 non-zeroes
---   1,479 nl-code  24 nl-non-zeroes
--- d6n6R3R6d01d05.gms(52) 3 Mb
--- Executing BARON (Solvelink=2): elapsed 0:00:00.088

GAMS/BARON       35.1.0 r82a9585 Released Apr 29, 2021 LEG x86 64bit/Linux    

===========================================================================
 BARON version 21.1.13. Built: LNX-64 Wed Jan 13 16:01:25 EST 2021

 BARON is a product of The Optimization Firm.
 For information on BARON, see https://minlp.com/about-baron

 If you use this software, please cite publications from
 https://minlp.com/baron-publications, such as: 

 Khajavirad, A. and N. V. Sahinidis,
 A hybrid LP/NLP paradigm for global optimization relaxations,
 Mathematical Programming Computation, 10, 383-421, 2018.
===========================================================================
 This BARON run may utilize the following subsolver(s)
 For LP/MIP/QP: ILOG CPLEX                                      
 For NLP: MINOS, SNOPT, GAMS external NLP, IPOPT, FILTERSD, FILTERSQP
===========================================================================
 Doing local search
 Preprocessing found feasible solution with value  3064.80544633     
 Solving bounding LP
 Starting multi-start local search
 Done with local search
===========================================================================
  Iteration    Open nodes         Time (s)    Lower bound      Upper bound
*         1             1             0.69     914.942          3064.81    
*         1             1             0.98     1277.09          3064.81    
*         1             1             1.39     1364.29          3064.81    
          1             1             2.02     1372.88          3064.81    
*         3             2             2.65     1372.88          3064.81    
         29             0             3.85     3061.74          3064.81    

                         *** Normal completion ***            

 Wall clock time:                     3.87
 Total CPU time used:                 3.33

 Total no. of BaR iterations:      29
 Best solution found at node:       3
 Max. no. of nodes in memory:       6
 
 All done
===========================================================================

Solution      = 3064.80530596631  found at node 3
Best possible = 3061.7435624
Absolute gap  = 3.06174356630754  optca = 1E-5
Relative gap  = 0.000999001000274697  optcr = 0.001
  (Note that BARON uses a different formula to compute the relative gap as
   was used for the above reported value.)

--- Reading solution for model m
--- d6n6R3R6d01d05.gms(52) 3 Mb  4 secs
*** Status: Normal completion
--- Job d6n6R3R6d01d05.gms Stop 07/19/21 10:59:01 elapsed 0:00:04.273