--- Job d6n6R1R6d01d1 Start 07/19/21 08:53:01 35.1.0 r82a9585 LEX-LEG x86 64bit/Linux
--- Applying:
    /rvol/GAMS/gams35.1_linux_x64_64_sfx/gmsprmun.txt
--- GAMS Parameters defined
    NLP baron
    Input /home/ps/ce-fs2/tk3016/WCGO/Full_testing/NLP/random_polynomials/NLP/d6n6R1R6d01d1.gms
    ScrDir /home/ps/ce-fs2/tk3016/WCGO/Full_testing/NLP/random_polynomials/NLP/225c/
    SysDir /rvol/GAMS/gams35.1_linux_x64_64_sfx/
    Trace /home/ps/ce-fs2/tk3016/WCGO/Full_testing/NLP/random_polynomials/NLP/trace.trc
    TraceOpt 3
    ResLim 3600
    OptCR 0.001
    OptCA 1E-5
    Threads 24
Licensee: Medium MUD - 10 User License                   S200525/0001AP-LNX
          Imperial College London, Centre for Process Systems EngineerDC621
          /rvol/GAMS/gams35.1_linux_x64_64_sfx/gamslice.txt
GAMS 35.1.0   Copyright (C) 1987-2021 GAMS Development. All rights reserved
--- Starting compilation
--- d6n6R1R6d01d1.gms(49) 2 Mb
--- Starting execution: elapsed 0:00:00.042
--- d6n6R1R6d01d1.gms(43) 3 Mb
--- Generating NLP model m
--- d6n6R1R6d01d1.gms(48) 5 Mb
---   7 rows  7 columns  43 non-zeroes
---   1,340 nl-code  22 nl-non-zeroes
--- d6n6R1R6d01d1.gms(48) 3 Mb
--- Executing BARON (Solvelink=2): elapsed 0:00:00.115

GAMS/BARON       35.1.0 r82a9585 Released Apr 29, 2021 LEG x86 64bit/Linux    

===========================================================================
 BARON version 21.1.13. Built: LNX-64 Wed Jan 13 16:01:25 EST 2021

 BARON is a product of The Optimization Firm.
 For information on BARON, see https://minlp.com/about-baron

 If you use this software, please cite publications from
 https://minlp.com/baron-publications, such as: 

 Khajavirad, A. and N. V. Sahinidis,
 A hybrid LP/NLP paradigm for global optimization relaxations,
 Mathematical Programming Computation, 10, 383-421, 2018.
===========================================================================
 This BARON run may utilize the following subsolver(s)
 For LP/MIP/QP: ILOG CPLEX                                      
 For NLP: MINOS, SNOPT, GAMS external NLP, IPOPT, FILTERSD, FILTERSQP
===========================================================================
 Doing local search
 Preprocessing found feasible solution with value  3666.88466349     
 Solving bounding LP
 Starting multi-start local search
 Done with local search
===========================================================================
  Iteration    Open nodes         Time (s)    Lower bound      Upper bound
          1             1             0.57    -1579.81          3666.88    
       1176            36            30.61     1779.92          3666.88    
       2454            51            60.67     2414.86          3666.88    
       3714            53            90.69     2617.77          3666.88    
       5079            47           120.73     2935.15          3666.88    
       6279             0           147.91     3663.22          3666.88    

                         *** Normal completion ***            

 Wall clock time:                   147.92
 Total CPU time used:               146.88

 Total no. of BaR iterations:    6279
 Best solution found at node:    4580
 Max. no. of nodes in memory:      61
 
 All done
===========================================================================

Solution      = 3666.88466294692  found at node 4580
Best possible = 3663.21962885
Absolute gap  = 3.66503409692405  optca = 1E-5
Relative gap  = 0.000999495330179981  optcr = 0.001
  (Note that BARON uses a different formula to compute the relative gap as
   was used for the above reported value.)

--- Reading solution for model m
*** Status: Normal completion
--- Job d6n6R1R6d01d1.gms Stop 07/19/21 08:55:29 elapsed 0:02:28.527