--- Job d6n6R3R6d05d1 Start 07/19/21 10:59:01 35.1.0 r82a9585 LEX-LEG x86 64bit/Linux
--- Applying:
    /rvol/GAMS/gams35.1_linux_x64_64_sfx/gmsprmun.txt
--- GAMS Parameters defined
    NLP baron
    Input /home/ps/ce-fs2/tk3016/WCGO/Full_testing/NLP/random_polynomials/NLP/d6n6R3R6d05d1.gms
    ScrDir /home/ps/ce-fs2/tk3016/WCGO/Full_testing/NLP/random_polynomials/NLP/225c/
    SysDir /rvol/GAMS/gams35.1_linux_x64_64_sfx/
    Trace /home/ps/ce-fs2/tk3016/WCGO/Full_testing/NLP/random_polynomials/NLP/trace.trc
    TraceOpt 3
    ResLim 3600
    OptCR 0.001
    OptCA 1E-5
    Threads 24
Licensee: Medium MUD - 10 User License                   S200525/0001AP-LNX
          Imperial College London, Centre for Process Systems EngineerDC621
          /rvol/GAMS/gams35.1_linux_x64_64_sfx/gamslice.txt
GAMS 35.1.0   Copyright (C) 1987-2021 GAMS Development. All rights reserved
--- Starting compilation
--- d6n6R3R6d05d1.gms(53) 2 Mb
--- Starting execution: elapsed 0:00:00.027
--- d6n6R3R6d05d1.gms(47) 3 Mb
--- Generating NLP model m
--- d6n6R3R6d05d1.gms(52) 5 Mb
---   9 rows  7 columns  55 non-zeroes
---   6,909 nl-code  30 nl-non-zeroes
--- d6n6R3R6d05d1.gms(52) 3 Mb
--- Executing BARON (Solvelink=2): elapsed 0:00:00.115

GAMS/BARON       35.1.0 r82a9585 Released Apr 29, 2021 LEG x86 64bit/Linux    

===========================================================================
 BARON version 21.1.13. Built: LNX-64 Wed Jan 13 16:01:25 EST 2021

 BARON is a product of The Optimization Firm.
 For information on BARON, see https://minlp.com/about-baron

 If you use this software, please cite publications from
 https://minlp.com/baron-publications, such as: 

 Khajavirad, A. and N. V. Sahinidis,
 A hybrid LP/NLP paradigm for global optimization relaxations,
 Mathematical Programming Computation, 10, 383-421, 2018.
===========================================================================
 This BARON run may utilize the following subsolver(s)
 For LP/MIP/QP: ILOG CPLEX                                      
 For NLP: MINOS, SNOPT, GAMS external NLP, IPOPT, FILTERSD, FILTERSQP
===========================================================================
 Doing local search
 Preprocessing found feasible solution with value  19396.1657115     
 Solving bounding LP
 Starting multi-start local search
 Preprocessing found feasible solution with value  19005.5418495     
 Preprocessing found feasible solution with value  16102.6423272     
 Done with local search
===========================================================================
  Iteration    Open nodes         Time (s)    Lower bound      Upper bound
*         1             1             1.46    -2580.44          15958.5    
          1             1             1.55    -2580.44          15958.5    
        144             4            31.59     1684.12          15958.5    
        242            15            61.92     8957.66          15958.5    
        350            15            92.10     8957.66          15958.5    
        480            11           122.42     9847.98          15958.5    
        591            11           152.51     9847.98          15958.5    
        706            10           182.99     10916.7          15958.5    
        799             4           213.66     13381.4          15958.5    
        847             0           230.50     15942.6          15958.5    

 Calculating duals

                         *** Normal completion ***            

 Wall clock time:                   230.51
 Total CPU time used:               228.99

 Total no. of BaR iterations:     847
 Best solution found at node:     557
 Max. no. of nodes in memory:      21
 
 All done
===========================================================================

Solution      = 15958.5483045456  found at node 557
Best possible = 15942.6056988
Absolute gap  = 15.9426057455639  optca = 1E-5
Relative gap  = 0.000999001001928409  optcr = 0.001
  (Note that BARON uses a different formula to compute the relative gap as
   was used for the above reported value.)

--- Reading solution for model m
*** Status: Normal completion
--- Job d6n6R3R6d05d1.gms Stop 07/19/21 11:02:52 elapsed 0:03:50.800