--- Job d6n6R0R6d05d05 Start 07/19/21 07:39:31 35.1.0 r82a9585 LEX-LEG x86 64bit/Linux
--- Applying:
    /rvol/GAMS/gams35.1_linux_x64_64_sfx/gmsprmun.txt
--- GAMS Parameters defined
    NLP baron
    Input /home/ps/ce-fs2/tk3016/WCGO/Full_testing/NLP/random_polynomials/NLP/d6n6R0R6d05d05.gms
    ScrDir /home/ps/ce-fs2/tk3016/WCGO/Full_testing/NLP/random_polynomials/NLP/225c/
    SysDir /rvol/GAMS/gams35.1_linux_x64_64_sfx/
    Trace /home/ps/ce-fs2/tk3016/WCGO/Full_testing/NLP/random_polynomials/NLP/trace.trc
    TraceOpt 3
    ResLim 3600
    OptCR 0.001
    OptCA 1E-5
    Threads 24
Licensee: Medium MUD - 10 User License                   S200525/0001AP-LNX
          Imperial College London, Centre for Process Systems EngineerDC621
          /rvol/GAMS/gams35.1_linux_x64_64_sfx/gamslice.txt
GAMS 35.1.0   Copyright (C) 1987-2021 GAMS Development. All rights reserved
--- Starting compilation
--- d6n6R0R6d05d05.gms(47) 2 Mb
--- Starting execution: elapsed 0:00:00.021
--- d6n6R0R6d05d05.gms(41) 3 Mb
--- Generating NLP model m
--- d6n6R0R6d05d05.gms(46) 5 Mb
---   6 rows  7 columns  37 non-zeroes
---   6,856 nl-code  30 nl-non-zeroes
--- d6n6R0R6d05d05.gms(46) 3 Mb
--- Executing BARON (Solvelink=2): elapsed 0:00:00.107

GAMS/BARON       35.1.0 r82a9585 Released Apr 29, 2021 LEG x86 64bit/Linux    

===========================================================================
 BARON version 21.1.13. Built: LNX-64 Wed Jan 13 16:01:25 EST 2021

 BARON is a product of The Optimization Firm.
 For information on BARON, see https://minlp.com/about-baron

 If you use this software, please cite publications from
 https://minlp.com/baron-publications, such as: 

 Khajavirad, A. and N. V. Sahinidis,
 A hybrid LP/NLP paradigm for global optimization relaxations,
 Mathematical Programming Computation, 10, 383-421, 2018.
===========================================================================
 This BARON run may utilize the following subsolver(s)
 For LP/MIP/QP: ILOG CPLEX                                      
 For NLP: MINOS, SNOPT, GAMS external NLP, IPOPT, FILTERSD, FILTERSQP
===========================================================================
 Preprocessing found feasible solution with value  261225.762033     
 Doing local search
 Preprocessing found feasible solution with value  12154.8962348     
 Solving bounding LP
 Starting multi-start local search
 Preprocessing found feasible solution with value  11897.7549821     
 Done with local search
===========================================================================
  Iteration    Open nodes         Time (s)    Lower bound      Upper bound
          1             1             1.35    -2812.91          11897.8    
        111            11            31.50     2830.38          11897.8    
        213            15            61.89     3512.59          11897.8    
        267            14            91.95     3512.59          11897.8    
        318            11           122.11     3512.59          11897.8    
        416            15           152.35     4310.45          11897.8    
        486            16           182.46     4310.45          11897.8    
        557            13           213.02     4310.45          11897.8    
        610            14           243.34     5664.04          11897.8    
        712            20           273.49     5664.04          11897.8    
        809            19           304.01     5664.04          11897.8    
        879            21           334.47     6988.52          11897.8    
        947            14           365.01     6988.52          11897.8    
       1021            17           395.32     7224.30          11897.8    
       1097            17           425.87     7224.30          11897.8    
       1165            13           455.93     7287.61          11897.8    
       1240            16           486.08     7346.13          11897.8    
       1315             9           516.17     7346.13          11897.8    
       1388             6           546.34     7346.13          11897.8    
       1493            10           576.47     7830.11          11897.8    
       1575            11           606.87     7830.11          11897.8    
       1667            11           636.96     8135.18          11897.8    
       1757             5           667.22     8135.18          11897.8    
       1853             8           697.32     9311.23          11897.8    
       1943             7           727.48     9817.63          11897.8    
       2003             0           747.33     11885.9          11897.8    

 Calculating duals

                         *** Normal completion ***            

 Wall clock time:                   747.36
 Total CPU time used:               812.96

 Total no. of BaR iterations:    2003
 Best solution found at node:      -1
 Max. no. of nodes in memory:      23
 
 All done
===========================================================================

Solution      = 11897.7549801181  best solution found during preprocessing
Best possible = 11885.869111
Absolute gap  = 11.8858691181376  optca = 1E-5
Relative gap  = 0.000999000999600314  optcr = 0.001
  (Note that BARON uses a different formula to compute the relative gap as
   was used for the above reported value.)

--- Reading solution for model m
*** Status: Normal completion
--- Job d6n6R0R6d05d05.gms Stop 07/19/21 07:51:59 elapsed 0:12:27.736