--- Job d6n6R3R6d1d05 Start 07/19/21 10:56:36 35.1.0 r82a9585 LEX-LEG x86 64bit/Linux
--- Applying:
    /rvol/GAMS/gams35.1_linux_x64_64_sfx/gmsprmun.txt
--- GAMS Parameters defined
    NLP baron
    Input /home/ps/ce-fs2/tk3016/WCGO/Full_testing/NLP/random_polynomials/NLP/d6n6R3R6d1d05.gms
    ScrDir /home/ps/ce-fs2/tk3016/WCGO/Full_testing/NLP/random_polynomials/NLP/225c/
    SysDir /rvol/GAMS/gams35.1_linux_x64_64_sfx/
    Trace /home/ps/ce-fs2/tk3016/WCGO/Full_testing/NLP/random_polynomials/NLP/trace.trc
    TraceOpt 3
    ResLim 3600
    OptCR 0.001
    OptCA 1E-5
    Threads 24
Licensee: Medium MUD - 10 User License                   S200525/0001AP-LNX
          Imperial College London, Centre for Process Systems EngineerDC621
          /rvol/GAMS/gams35.1_linux_x64_64_sfx/gamslice.txt
GAMS 35.1.0   Copyright (C) 1987-2021 GAMS Development. All rights reserved
--- Starting compilation
--- d6n6R3R6d1d05.gms(53) 2 Mb
--- Starting execution: elapsed 0:00:00.027
--- d6n6R3R6d1d05.gms(47) 3 Mb
--- Generating NLP model m
--- d6n6R3R6d1d05.gms(52) 5 Mb
---   9 rows  7 columns  46 non-zeroes
---   13,726 nl-code  30 nl-non-zeroes
--- d6n6R3R6d1d05.gms(52) 3 Mb
--- Executing BARON (Solvelink=2): elapsed 0:00:00.098

GAMS/BARON       35.1.0 r82a9585 Released Apr 29, 2021 LEG x86 64bit/Linux    

===========================================================================
 BARON version 21.1.13. Built: LNX-64 Wed Jan 13 16:01:25 EST 2021

 BARON is a product of The Optimization Firm.
 For information on BARON, see https://minlp.com/about-baron

 If you use this software, please cite publications from
 https://minlp.com/baron-publications, such as: 

 Khajavirad, A. and N. V. Sahinidis,
 A hybrid LP/NLP paradigm for global optimization relaxations,
 Mathematical Programming Computation, 10, 383-421, 2018.
===========================================================================
 This BARON run may utilize the following subsolver(s)
 For LP/MIP/QP: ILOG CPLEX                                      
 For NLP: MINOS, SNOPT, GAMS external NLP, IPOPT, FILTERSD, FILTERSQP
===========================================================================
 Doing local search
 Preprocessing found feasible solution with value  25628.9734947     
 Solving bounding LP
 Starting multi-start local search
 Done with local search
===========================================================================
  Iteration    Open nodes         Time (s)    Lower bound      Upper bound
          1             1             2.25     12074.5          25629.0    
         35             5            32.94     15888.4          25629.0    
         70             6            63.58     21749.1          25629.0    
        104             7            93.71     22244.6          25629.0    
        143             4           124.40     24091.7          25629.0    
        169             0           139.84     25603.4          25629.0    

 Calculating duals

                         *** Normal completion ***            

 Wall clock time:                   139.87
 Total CPU time used:               139.43

 Total no. of BaR iterations:     169
 Best solution found at node:     143
 Max. no. of nodes in memory:       8
 
 All done
===========================================================================

Solution      = 25628.9734945779  found at node 143
Best possible = 25603.3701245
Absolute gap  = 25.6033700779371  optca = 1E-5
Relative gap  = 0.000999000997186009  optcr = 0.001
  (Note that BARON uses a different formula to compute the relative gap as
   was used for the above reported value.)

--- Reading solution for model m
*** Status: Normal completion
--- Job d6n6R3R6d1d05.gms Stop 07/19/21 10:58:57 elapsed 0:02:20.207