--- Job d6n6R1R6d05d1 Start 07/19/21 09:55:50 35.1.0 r82a9585 LEX-LEG x86 64bit/Linux
--- Applying:
    /rvol/GAMS/gams35.1_linux_x64_64_sfx/gmsprmun.txt
--- GAMS Parameters defined
    NLP baron
    Input /home/ps/ce-fs2/tk3016/WCGO/Full_testing/NLP/random_polynomials/NLP/d6n6R1R6d05d1.gms
    ScrDir /home/ps/ce-fs2/tk3016/WCGO/Full_testing/NLP/random_polynomials/NLP/225c/
    SysDir /rvol/GAMS/gams35.1_linux_x64_64_sfx/
    Trace /home/ps/ce-fs2/tk3016/WCGO/Full_testing/NLP/random_polynomials/NLP/trace.trc
    TraceOpt 3
    ResLim 3600
    OptCR 0.001
    OptCA 1E-5
    Threads 24
Licensee: Medium MUD - 10 User License                   S200525/0001AP-LNX
          Imperial College London, Centre for Process Systems EngineerDC621
          /rvol/GAMS/gams35.1_linux_x64_64_sfx/gamslice.txt
GAMS 35.1.0   Copyright (C) 1987-2021 GAMS Development. All rights reserved
--- Starting compilation
--- d6n6R1R6d05d1.gms(49) 2 Mb
--- Starting execution: elapsed 0:00:00.021
--- d6n6R1R6d05d1.gms(43) 3 Mb
--- Generating NLP model m
--- d6n6R1R6d05d1.gms(48) 5 Mb
---   7 rows  7 columns  43 non-zeroes
---   6,726 nl-code  30 nl-non-zeroes
--- d6n6R1R6d05d1.gms(48) 3 Mb
--- Executing BARON (Solvelink=2): elapsed 0:00:00.067

GAMS/BARON       35.1.0 r82a9585 Released Apr 29, 2021 LEG x86 64bit/Linux    

===========================================================================
 BARON version 21.1.13. Built: LNX-64 Wed Jan 13 16:01:25 EST 2021

 BARON is a product of The Optimization Firm.
 For information on BARON, see https://minlp.com/about-baron

 If you use this software, please cite publications from
 https://minlp.com/baron-publications, such as: 

 Khajavirad, A. and N. V. Sahinidis,
 A hybrid LP/NLP paradigm for global optimization relaxations,
 Mathematical Programming Computation, 10, 383-421, 2018.
===========================================================================
 This BARON run may utilize the following subsolver(s)
 For LP/MIP/QP: ILOG CPLEX                                      
 For NLP: MINOS, SNOPT, GAMS external NLP, IPOPT, FILTERSD, FILTERSQP
===========================================================================
 Doing local search
 Preprocessing found feasible solution with value  15640.5945868     
 Solving bounding LP
 Starting multi-start local search
 Done with local search
===========================================================================
  Iteration    Open nodes         Time (s)    Lower bound      Upper bound
          1             1             1.60     424.477          15640.6    
        146             8            31.66     1567.16          15640.6    
        260            11            62.09     3495.35          15640.6    
        353            11            92.30     3495.35          15640.6    
        436            19           122.68     5431.54          15640.6    
        513            23           152.94     5710.36          15640.6    
        600            23           183.00     5710.36          15640.6    
        690            28           213.32     6927.74          15640.6    
        765            29           243.43     6927.74          15640.6    
        840            36           273.48     6983.86          15640.6    
        926            32           303.91     6983.86          15640.6    
       1019            35           333.99     7575.21          15640.6    
       1091            34           364.27     7575.21          15640.6    
       1167            39           394.53     7575.21          15640.6    
       1262            39           424.59     8608.40          15640.6    
       1349            40           454.84     8608.40          15640.6    
       1430            47           485.00     9228.83          15640.6    
       1522            43           515.65     9228.83          15640.6    
       1642            44           545.75     9939.00          15640.6    
       1809            47           575.82     9939.00          15640.6    
       1933            48           605.86     10175.5          15640.6    
       2053            46           636.05     10404.2          15640.6    
       2180            42           666.21     10404.2          15640.6    
       2289            46           696.53     10749.9          15640.6    
       2397            48           726.89     10749.9          15640.6    
       2516            59           756.95     10911.5          15640.6    
       2656            60           787.42     11014.7          15640.6    
       2790            59           817.48     11014.7          15640.6    
       2911            59           847.66     11415.9          15640.6    
       3036            65           878.27     11531.4          15640.6    
       3129            69           908.35     11531.4          15640.6    
       3240            69           938.57     11755.4          15640.6    
       3370            70           968.85     11755.4          15640.6    
       3454            74           999.26     12155.6          15640.6    
       3549            76          1029.62     12155.6          15640.6    
       3658            76          1059.70     12174.0          15640.6    
       3794            75          1089.79     12174.0          15640.6    
       3934            79          1120.05     12227.6          15640.6    
       4095            78          1150.32     12277.4          15640.6    
       4236            76          1180.73     12277.4          15640.6    
       4360            82          1210.78     12382.6          15640.6    
       4500            77          1240.99     12387.7          15640.6    
       4623            71          1271.14     12387.7          15640.6    
       4741            66          1301.42     12612.4          15640.6    
       4856            65          1331.89     12696.2          15640.6    
       4963            58          1362.04     12696.2          15640.6    
       5071            54          1392.27     12696.2          15640.6    
       5189            51          1422.57     12972.3          15640.6    
       5296            44          1452.84     12984.9          15640.6    
       5413            49          1482.90     12984.9          15640.6    
       5534            52          1513.12     13286.3          15640.6    
       5647            46          1543.69     13286.3          15640.6    
       5779            32          1573.83     13424.0          15640.6    
       5906            35          1603.95     13494.1          15640.6    
       6046            35          1634.00     13494.1          15640.6    
       6202            38          1664.18     13535.4          15640.6    
       6373            36          1694.25     13570.5          15640.6    
       6502            35          1724.61     13736.6          15640.6    
       6617            36          1754.68     13736.6          15640.6    
       6734            30          1784.75     13752.0          15640.6    
       6895            32          1814.78     13772.5          15640.6    
       7064            29          1844.82     13772.5          15640.6    
       7175            27          1874.90     14012.1          15640.6    
       7294            30          1905.05     14322.3          15640.6    
       7463            29          1935.12     14322.3          15640.6    
       7583            27          1965.44     14496.7          15640.6    
       7697            26          1995.54     14686.1          15640.6    
       7819            22          2025.79     14686.1          15640.6    
       7931             9          2055.94     14720.5          15640.6    
       8009             0          2072.10     15625.0          15640.6    

                         *** Normal completion ***            

 Wall clock time:                  2072.38
 Total CPU time used:              2067.59

 Total no. of BaR iterations:    8009
 Best solution found at node:    4491
 Max. no. of nodes in memory:      84
 
 All done
===========================================================================

Solution      = 15640.5945863629  found at node 4491
Best possible = 15624.9551624
Absolute gap  = 15.6394239628553  optca = 1E-5
Relative gap  = 0.000999925154795037  optcr = 0.001
  (Note that BARON uses a different formula to compute the relative gap as
   was used for the above reported value.)

--- Reading solution for model m
*** Status: Normal completion
--- Job d6n6R1R6d05d1.gms Stop 07/19/21 10:30:23 elapsed 0:34:32.640