--- Job d6n6R3R6d005d1 Start 07/19/21 11:02:52 35.1.0 r82a9585 LEX-LEG x86 64bit/Linux
--- Applying:
    /rvol/GAMS/gams35.1_linux_x64_64_sfx/gmsprmun.txt
--- GAMS Parameters defined
    NLP baron
    Input /home/ps/ce-fs2/tk3016/WCGO/Full_testing/NLP/random_polynomials/NLP/d6n6R3R6d005d1.gms
    ScrDir /home/ps/ce-fs2/tk3016/WCGO/Full_testing/NLP/random_polynomials/NLP/225c/
    SysDir /rvol/GAMS/gams35.1_linux_x64_64_sfx/
    Trace /home/ps/ce-fs2/tk3016/WCGO/Full_testing/NLP/random_polynomials/NLP/trace.trc
    TraceOpt 3
    ResLim 3600
    OptCR 0.001
    OptCA 1E-5
    Threads 24
Licensee: Medium MUD - 10 User License                   S200525/0001AP-LNX
          Imperial College London, Centre for Process Systems EngineerDC621
          /rvol/GAMS/gams35.1_linux_x64_64_sfx/gamslice.txt
GAMS 35.1.0   Copyright (C) 1987-2021 GAMS Development. All rights reserved
--- Starting compilation
--- d6n6R3R6d005d1.gms(53) 2 Mb
--- Starting execution: elapsed 0:00:00.012
--- d6n6R3R6d005d1.gms(47) 3 Mb
--- Generating NLP model m
--- d6n6R3R6d005d1.gms(52) 5 Mb
---   9 rows  7 columns  55 non-zeroes
---   721 nl-code  26 nl-non-zeroes
--- d6n6R3R6d005d1.gms(52) 3 Mb
--- Executing BARON (Solvelink=2): elapsed 0:00:00.076

GAMS/BARON       35.1.0 r82a9585 Released Apr 29, 2021 LEG x86 64bit/Linux    

===========================================================================
 BARON version 21.1.13. Built: LNX-64 Wed Jan 13 16:01:25 EST 2021

 BARON is a product of The Optimization Firm.
 For information on BARON, see https://minlp.com/about-baron

 If you use this software, please cite publications from
 https://minlp.com/baron-publications, such as: 

 Khajavirad, A. and N. V. Sahinidis,
 A hybrid LP/NLP paradigm for global optimization relaxations,
 Mathematical Programming Computation, 10, 383-421, 2018.
===========================================================================
 This BARON run may utilize the following subsolver(s)
 For LP/MIP/QP: ILOG CPLEX                                      
 For NLP: MINOS, SNOPT, GAMS external NLP, IPOPT, FILTERSD, FILTERSQP
===========================================================================
 Doing local search
 Preprocessing found feasible solution with value  2266.58077629     
 Solving bounding LP
 Starting multi-start local search
 Done with local search
===========================================================================
  Iteration    Open nodes         Time (s)    Lower bound      Upper bound
          1             1             1.24     949.247          2266.58    
*         3+            2             2.37     949.247          2266.58    
          9             0             3.01     2264.32          2266.58    

 Calculating duals

                         *** Normal completion ***            

 Wall clock time:                     3.04
 Total CPU time used:                 2.34

 Total no. of BaR iterations:       9
 Best solution found at node:       3
 Max. no. of nodes in memory:       3
 
 All done
===========================================================================

Solution      = 2266.58046164138  found at node 3
Best possible = 2264.3161455
Absolute gap  = 2.26431614137937  optca = 1E-5
Relative gap  = 0.00099900099718482  optcr = 0.001
  (Note that BARON uses a different formula to compute the relative gap as
   was used for the above reported value.)

--- Reading solution for model m
*** Status: Normal completion
--- Job d6n6R3R6d005d1.gms Stop 07/19/21 11:02:55 elapsed 0:00:03.337