--- Job d7n5R0R6d005d05 Start 07/19/21 06:16:29 35.1.0 r82a9585 LEX-LEG x86 64bit/Linux
--- Applying:
    /rvol/GAMS/gams35.1_linux_x64_64_sfx/gmsprmun.txt
--- GAMS Parameters defined
    NLP baron
    Input /home/ps/ce-fs2/tk3016/WCGO/Full_testing/NLP/random_polynomials/NLP/d7n5R0R6d005d05.gms
    ScrDir /home/ps/ce-fs2/tk3016/WCGO/Full_testing/NLP/random_polynomials/NLP/225c/
    SysDir /rvol/GAMS/gams35.1_linux_x64_64_sfx/
    Trace /home/ps/ce-fs2/tk3016/WCGO/Full_testing/NLP/random_polynomials/NLP/trace.trc
    TraceOpt 3
    ResLim 3600
    OptCR 0.001
    OptCA 1E-5
    Threads 24
Licensee: Medium MUD - 10 User License                   S200525/0001AP-LNX
          Imperial College London, Centre for Process Systems EngineerDC621
          /rvol/GAMS/gams35.1_linux_x64_64_sfx/gamslice.txt
GAMS 35.1.0   Copyright (C) 1987-2021 GAMS Development. All rights reserved
--- Starting compilation
--- d7n5R0R6d005d05.gms(45) 2 Mb
--- Starting execution: elapsed 0:00:00.019
--- d7n5R0R6d005d05.gms(39) 3 Mb
--- Generating NLP model m
--- d7n5R0R6d005d05.gms(44) 5 Mb
---   6 rows  6 columns  31 non-zeroes
---   563 nl-code  20 nl-non-zeroes
--- d7n5R0R6d005d05.gms(44) 3 Mb
--- Executing BARON (Solvelink=2): elapsed 0:00:00.072

GAMS/BARON       35.1.0 r82a9585 Released Apr 29, 2021 LEG x86 64bit/Linux    

===========================================================================
 BARON version 21.1.13. Built: LNX-64 Wed Jan 13 16:01:25 EST 2021

 BARON is a product of The Optimization Firm.
 For information on BARON, see https://minlp.com/about-baron

 If you use this software, please cite publications from
 https://minlp.com/baron-publications, such as: 

 Khajavirad, A. and N. V. Sahinidis,
 A hybrid LP/NLP paradigm for global optimization relaxations,
 Mathematical Programming Computation, 10, 383-421, 2018.
===========================================================================
 This BARON run may utilize the following subsolver(s)
 For LP/MIP/QP: ILOG CPLEX                                      
 For NLP: MINOS, SNOPT, GAMS external NLP, IPOPT, FILTERSD, FILTERSQP
===========================================================================
 Preprocessing found feasible solution with value  57448.1685736     
 Doing local search
 Preprocessing found feasible solution with value  217.860230617     
 Solving bounding LP
 Starting multi-start local search
 Done with local search
===========================================================================
  Iteration    Open nodes         Time (s)    Lower bound      Upper bound
          1             1             0.44    -2324.67          217.860    
        247             0             3.74     217.643          217.860    

 Calculating duals

                         *** Normal completion ***            

 Wall clock time:                     3.75
 Total CPU time used:                 3.29

 Total no. of BaR iterations:     247
 Best solution found at node:     213
 Max. no. of nodes in memory:       8
 
 All done
===========================================================================

Solution      = 217.860230606482  found at node 213
Best possible = 217.642588018
Absolute gap  = 0.217642588482249  optca = 1E-5
Relative gap  = 0.00099900100112982  optcr = 0.001
  (Note that BARON uses a different formula to compute the relative gap as
   was used for the above reported value.)

--- Reading solution for model m
*** Status: Normal completion
--- Job d7n5R0R6d005d05.gms Stop 07/19/21 06:16:33 elapsed 0:00:03.956