--- Job d7n5R0R6d01d05 Start 07/19/21 06:10:54 35.1.0 r82a9585 LEX-LEG x86 64bit/Linux
--- Applying:
    /rvol/GAMS/gams35.1_linux_x64_64_sfx/gmsprmun.txt
--- GAMS Parameters defined
    NLP baron
    Input /home/ps/ce-fs2/tk3016/WCGO/Full_testing/NLP/random_polynomials/NLP/d7n5R0R6d01d05.gms
    ScrDir /home/ps/ce-fs2/tk3016/WCGO/Full_testing/NLP/random_polynomials/NLP/225c/
    SysDir /rvol/GAMS/gams35.1_linux_x64_64_sfx/
    Trace /home/ps/ce-fs2/tk3016/WCGO/Full_testing/NLP/random_polynomials/NLP/trace.trc
    TraceOpt 3
    ResLim 3600
    OptCR 0.001
    OptCA 1E-5
    Threads 24
Licensee: Medium MUD - 10 User License                   S200525/0001AP-LNX
          Imperial College London, Centre for Process Systems EngineerDC621
          /rvol/GAMS/gams35.1_linux_x64_64_sfx/gamslice.txt
GAMS 35.1.0   Copyright (C) 1987-2021 GAMS Development. All rights reserved
--- Starting compilation
--- d7n5R0R6d01d05.gms(45) 2 Mb
--- Starting execution: elapsed 0:00:00.040
--- d7n5R0R6d01d05.gms(39) 3 Mb
--- Generating NLP model m
--- d7n5R0R6d01d05.gms(44) 5 Mb
---   6 rows  6 columns  31 non-zeroes
---   1,100 nl-code  23 nl-non-zeroes
--- d7n5R0R6d01d05.gms(44) 3 Mb
--- Executing BARON (Solvelink=2): elapsed 0:00:00.147

GAMS/BARON       35.1.0 r82a9585 Released Apr 29, 2021 LEG x86 64bit/Linux    

===========================================================================
 BARON version 21.1.13. Built: LNX-64 Wed Jan 13 16:01:25 EST 2021

 BARON is a product of The Optimization Firm.
 For information on BARON, see https://minlp.com/about-baron

 If you use this software, please cite publications from
 https://minlp.com/baron-publications, such as: 

 Khajavirad, A. and N. V. Sahinidis,
 A hybrid LP/NLP paradigm for global optimization relaxations,
 Mathematical Programming Computation, 10, 383-421, 2018.
===========================================================================
 This BARON run may utilize the following subsolver(s)
 For LP/MIP/QP: ILOG CPLEX                                      
 For NLP: MINOS, SNOPT, GAMS external NLP, IPOPT, FILTERSD, FILTERSQP
===========================================================================
 Preprocessing found feasible solution with value  187587.164861     
 Doing local search
 Preprocessing found feasible solution with value  4635.79184111     
 Solving bounding LP
 Starting multi-start local search
 Done with local search
===========================================================================
  Iteration    Open nodes         Time (s)    Lower bound      Upper bound
          1             1             0.99    -258.896          4635.79    
       2233            44            31.04     1723.40          4635.79    
       4633            64            61.09     2824.81          4635.79    
       7186            95            91.14     4262.58          4635.79    
       9744            71           121.16     4413.55          4635.79    
      12369            37           151.19     4507.01          4635.79    
      15103             0           181.12     4631.16          4635.79    

                         *** Normal completion ***            

 Wall clock time:                   181.15
 Total CPU time used:               177.88

 Total no. of BaR iterations:   15103
 Best solution found at node:    8688
 Max. no. of nodes in memory:     107
 
 All done
===========================================================================

Solution      = 4635.79183978651  found at node 8688
Best possible = 4631.15612908
Absolute gap  = 4.63571070650687  optca = 1E-5
Relative gap  = 0.00099998249850674  optcr = 0.001
  (Note that BARON uses a different formula to compute the relative gap as
   was used for the above reported value.)

--- Reading solution for model m
*** Status: Normal completion
--- Job d7n5R0R6d01d05.gms Stop 07/19/21 06:13:56 elapsed 0:03:01.527