--- Job d7n5R2R6d1d1 Start 07/19/21 06:37:56 35.1.0 r82a9585 LEX-LEG x86 64bit/Linux
--- Applying:
    /rvol/GAMS/gams35.1_linux_x64_64_sfx/gmsprmun.txt
--- GAMS Parameters defined
    NLP baron
    Input /home/ps/ce-fs2/tk3016/WCGO/Full_testing/NLP/random_polynomials/NLP/d7n5R2R6d1d1.gms
    ScrDir /home/ps/ce-fs2/tk3016/WCGO/Full_testing/NLP/random_polynomials/NLP/225c/
    SysDir /rvol/GAMS/gams35.1_linux_x64_64_sfx/
    Trace /home/ps/ce-fs2/tk3016/WCGO/Full_testing/NLP/random_polynomials/NLP/trace.trc
    TraceOpt 3
    ResLim 3600
    OptCR 0.001
    OptCA 1E-5
    Threads 24
Licensee: Medium MUD - 10 User License                   S200525/0001AP-LNX
          Imperial College London, Centre for Process Systems EngineerDC621
          /rvol/GAMS/gams35.1_linux_x64_64_sfx/gamslice.txt
GAMS 35.1.0   Copyright (C) 1987-2021 GAMS Development. All rights reserved
--- Starting compilation
--- d7n5R2R6d1d1.gms(49) 2 Mb
--- Starting execution: elapsed 0:00:00.033
--- d7n5R2R6d1d1.gms(43) 3 Mb
--- Generating NLP model m
--- d7n5R2R6d1d1.gms(48) 5 Mb
---   8 rows  6 columns  41 non-zeroes
---   10,530 nl-code  25 nl-non-zeroes
--- d7n5R2R6d1d1.gms(48) 3 Mb
--- Executing BARON (Solvelink=2): elapsed 0:00:00.123

GAMS/BARON       35.1.0 r82a9585 Released Apr 29, 2021 LEG x86 64bit/Linux    

===========================================================================
 BARON version 21.1.13. Built: LNX-64 Wed Jan 13 16:01:25 EST 2021

 BARON is a product of The Optimization Firm.
 For information on BARON, see https://minlp.com/about-baron

 If you use this software, please cite publications from
 https://minlp.com/baron-publications, such as: 

 Khajavirad, A. and N. V. Sahinidis,
 A hybrid LP/NLP paradigm for global optimization relaxations,
 Mathematical Programming Computation, 10, 383-421, 2018.
===========================================================================
 This BARON run may utilize the following subsolver(s)
 For LP/MIP/QP: ILOG CPLEX                                      
 For NLP: MINOS, SNOPT, GAMS external NLP, IPOPT, FILTERSD, FILTERSQP
===========================================================================
 Doing local search
 Preprocessing found feasible solution with value  29675.3120380     
 Solving bounding LP
 Starting multi-start local search
 Done with local search
===========================================================================
  Iteration    Open nodes         Time (s)    Lower bound      Upper bound
          1             1             1.41    -20151.3          29675.3    
         66             6            31.52    -10585.6          29675.3    
        120             4            62.12    -10585.6          29675.3    
        172             7            92.26     32.9188          29675.3    
        212            12           123.45     10586.5          29675.3    
        269            11           154.16     10586.5          29675.3    
        323            12           184.43     13424.7          29675.3    
        385            12           214.90     13424.7          29675.3    
        448             4           245.16     18032.6          29675.3    
        494             4           275.23     21466.8          29675.3    
        521             0           291.54     29645.7          29675.3    

 Calculating duals

                         *** Normal completion ***            

 Wall clock time:                   291.55
 Total CPU time used:               290.18

 Total no. of BaR iterations:     521
 Best solution found at node:     411
 Max. no. of nodes in memory:      15
 
 All done
===========================================================================

Solution      = 29675.3120372857  found at node 411
Best possible = 29645.6663709
Absolute gap  = 29.6456663857207  optca = 1E-5
Relative gap  = 0.000999000999499928  optcr = 0.001
  (Note that BARON uses a different formula to compute the relative gap as
   was used for the above reported value.)

--- Reading solution for model m
*** Status: Normal completion
--- Job d7n5R2R6d1d1.gms Stop 07/19/21 06:42:48 elapsed 0:04:51.918