--- Job d7n5R2R6d01d1 Start 07/19/21 06:42:48 35.1.0 r82a9585 LEX-LEG x86 64bit/Linux
--- Applying:
    /rvol/GAMS/gams35.1_linux_x64_64_sfx/gmsprmun.txt
--- GAMS Parameters defined
    NLP baron
    Input /home/ps/ce-fs2/tk3016/WCGO/Full_testing/NLP/random_polynomials/NLP/d7n5R2R6d01d1.gms
    ScrDir /home/ps/ce-fs2/tk3016/WCGO/Full_testing/NLP/random_polynomials/NLP/225c/
    SysDir /rvol/GAMS/gams35.1_linux_x64_64_sfx/
    Trace /home/ps/ce-fs2/tk3016/WCGO/Full_testing/NLP/random_polynomials/NLP/trace.trc
    TraceOpt 3
    ResLim 3600
    OptCR 0.001
    OptCA 1E-5
    Threads 24
Licensee: Medium MUD - 10 User License                   S200525/0001AP-LNX
          Imperial College London, Centre for Process Systems EngineerDC621
          /rvol/GAMS/gams35.1_linux_x64_64_sfx/gamslice.txt
GAMS 35.1.0   Copyright (C) 1987-2021 GAMS Development. All rights reserved
--- Starting compilation
--- d7n5R2R6d01d1.gms(49) 2 Mb
--- Starting execution: elapsed 0:00:00.023
--- d7n5R2R6d01d1.gms(43) 3 Mb
--- Generating NLP model m
--- d7n5R2R6d01d1.gms(48) 5 Mb
---   8 rows  6 columns  41 non-zeroes
---   1,100 nl-code  23 nl-non-zeroes
--- d7n5R2R6d01d1.gms(48) 3 Mb
--- Executing BARON (Solvelink=2): elapsed 0:00:00.121

GAMS/BARON       35.1.0 r82a9585 Released Apr 29, 2021 LEG x86 64bit/Linux    

===========================================================================
 BARON version 21.1.13. Built: LNX-64 Wed Jan 13 16:01:25 EST 2021

 BARON is a product of The Optimization Firm.
 For information on BARON, see https://minlp.com/about-baron

 If you use this software, please cite publications from
 https://minlp.com/baron-publications, such as: 

 Khajavirad, A. and N. V. Sahinidis,
 A hybrid LP/NLP paradigm for global optimization relaxations,
 Mathematical Programming Computation, 10, 383-421, 2018.
===========================================================================
 This BARON run may utilize the following subsolver(s)
 For LP/MIP/QP: ILOG CPLEX                                      
 For NLP: MINOS, SNOPT, GAMS external NLP, IPOPT, FILTERSD, FILTERSQP
===========================================================================
 Doing local search
 Preprocessing found feasible solution with value  7584.90328591     
 Solving bounding LP
 Starting multi-start local search
 Done with local search
===========================================================================
  Iteration    Open nodes         Time (s)    Lower bound      Upper bound
          1             1             1.67    -1380.44          7584.90    
*       167             5             6.75     891.259          7584.90    
*       441             9            11.25     5255.16          7584.90    
        505             0            12.10     7577.33          7584.90    

 Calculating duals

                         *** Normal completion ***            

 Wall clock time:                    12.13
 Total CPU time used:                11.38

 Total no. of BaR iterations:     505
 Best solution found at node:     441
 Max. no. of nodes in memory:      11
 
 All done
===========================================================================

Solution      = 7584.9028662004  found at node 441
Best possible = 7577.32554066
Absolute gap  = 7.57732554039831  optca = 1E-5
Relative gap  = 0.000999000998966532  optcr = 0.001
  (Note that BARON uses a different formula to compute the relative gap as
   was used for the above reported value.)

--- Reading solution for model m
*** Status: Normal completion
--- Job d7n5R2R6d01d1.gms Stop 07/19/21 06:43:01 elapsed 0:00:12.833