--- Job d7n5R0R6d1d05 Start 07/19/21 05:48:44 35.1.0 r82a9585 LEX-LEG x86 64bit/Linux
--- Applying:
    /rvol/GAMS/gams35.1_linux_x64_64_sfx/gmsprmun.txt
--- GAMS Parameters defined
    NLP baron
    Input /home/ps/ce-fs2/tk3016/WCGO/Full_testing/NLP/random_polynomials/NLP/d7n5R0R6d1d05.gms
    ScrDir /home/ps/ce-fs2/tk3016/WCGO/Full_testing/NLP/random_polynomials/NLP/225c/
    SysDir /rvol/GAMS/gams35.1_linux_x64_64_sfx/
    Trace /home/ps/ce-fs2/tk3016/WCGO/Full_testing/NLP/random_polynomials/NLP/trace.trc
    TraceOpt 3
    ResLim 3600
    OptCR 0.001
    OptCA 1E-5
    Threads 24
Licensee: Medium MUD - 10 User License                   S200525/0001AP-LNX
          Imperial College London, Centre for Process Systems EngineerDC621
          /rvol/GAMS/gams35.1_linux_x64_64_sfx/gamslice.txt
GAMS 35.1.0   Copyright (C) 1987-2021 GAMS Development. All rights reserved
--- Starting compilation
--- d7n5R0R6d1d05.gms(45) 2 Mb
--- Starting execution: elapsed 0:00:00.033
--- d7n5R0R6d1d05.gms(39) 3 Mb
--- Generating NLP model m
--- d7n5R0R6d1d05.gms(44) 5 Mb
---   6 rows  6 columns  31 non-zeroes
---   10,527 nl-code  25 nl-non-zeroes
--- d7n5R0R6d1d05.gms(44) 3 Mb
--- Executing BARON (Solvelink=2): elapsed 0:00:00.186

GAMS/BARON       35.1.0 r82a9585 Released Apr 29, 2021 LEG x86 64bit/Linux    

===========================================================================
 BARON version 21.1.13. Built: LNX-64 Wed Jan 13 16:01:25 EST 2021

 BARON is a product of The Optimization Firm.
 For information on BARON, see https://minlp.com/about-baron

 If you use this software, please cite publications from
 https://minlp.com/baron-publications, such as: 

 Khajavirad, A. and N. V. Sahinidis,
 A hybrid LP/NLP paradigm for global optimization relaxations,
 Mathematical Programming Computation, 10, 383-421, 2018.
===========================================================================
 This BARON run may utilize the following subsolver(s)
 For LP/MIP/QP: ILOG CPLEX                                      
 For NLP: MINOS, SNOPT, GAMS external NLP, IPOPT, FILTERSD, FILTERSQP
===========================================================================
 Preprocessing found feasible solution with value  608915.961903     
 Doing local search
 Preprocessing found feasible solution with value  35318.4239891     
 Solving bounding LP
 Starting multi-start local search
 Done with local search
===========================================================================
  Iteration    Open nodes         Time (s)    Lower bound      Upper bound
          1             1             2.82     2277.02          35318.4    
         61             7            33.45     9598.12          35318.4    
        117             5            63.72     9598.12          35318.4    
        169             6            94.14     9598.12          35318.4    
        234            12           125.04     10216.8          35318.4    
        300            13           155.26     10216.8          35318.4    
        372            10           185.86     10216.8          35318.4    
        431            13           216.49     15653.7          35318.4    
        493            14           246.73     15653.7          35318.4    
        560            17           277.38     15653.7          35318.4    
        626            21           307.57     18861.6          35318.4    
        673            24           338.61     18861.6          35318.4    
        724            27           369.07     18861.6          35318.4    
        770            28           399.32     18861.6          35318.4    
        819            30           429.78     22601.7          35318.4    
        889            31           460.29     22601.7          35318.4    
        937            30           490.46     22601.7          35318.4    
        989            30           520.84     22601.7          35318.4    
       1049            34           551.25     22938.3          35318.4    
       1113            33           581.38     22938.3          35318.4    
       1180            33           612.70     22938.3          35318.4    
       1238            35           642.91     24783.5          35318.4    
       1298            33           673.23     24783.5          35318.4    
       1340            37           703.46     24783.5          35318.4    
       1382            35           734.08     24783.5          35318.4    
       1438            31           764.23     25411.2          35318.4    
       1521            27           794.87     25411.2          35318.4    
       1591            21           825.26     25411.2          35318.4    
       1648            24           855.98     26081.4          35318.4    
       1699            22           886.50     26081.4          35318.4    
       1760            19           916.74     26081.4          35318.4    
       1824            24           948.55     26506.1          35318.4    
       1884            22           978.67     26506.1          35318.4    
       1941            21          1009.38     26506.1          35318.4    
       1997            22          1040.09     26506.1          35318.4    
       2050            21          1070.25     28114.2          35318.4    
       2103            21          1100.49     28114.2          35318.4    
       2160            21          1131.04     28114.2          35318.4    
       2205            20          1161.21     28114.2          35318.4    
       2269            14          1191.79     30045.7          35318.4    
       2321            13          1222.49     31265.4          35318.4    
       2395            11          1253.12     32031.1          35318.4    
       2453            11          1283.79     33021.1          35318.4    
       2531            10          1313.96     33021.1          35318.4    
       2575             0          1329.38     35283.1          35318.4    

 Calculating duals

                         *** Normal completion ***            

 Wall clock time:                  1329.41
 Total CPU time used:              1325.96

 Total no. of BaR iterations:    2575
 Best solution found at node:     838
 Max. no. of nodes in memory:      40
 
 All done
===========================================================================

Solution      = 35318.4239807045  found at node 838
Best possible = 35283.136641
Absolute gap  = 35.2873397045114  optca = 1E-5
Relative gap  = 0.000999119884958341  optcr = 0.001
  (Note that BARON uses a different formula to compute the relative gap as
   was used for the above reported value.)

--- Reading solution for model m
*** Status: Normal completion
--- Job d7n5R0R6d1d05.gms Stop 07/19/21 06:10:54 elapsed 0:22:10.422