--- Job d7n5R1R6d1d1 Start 07/19/21 06:16:33 35.1.0 r82a9585 LEX-LEG x86 64bit/Linux
--- Applying:
    /rvol/GAMS/gams35.1_linux_x64_64_sfx/gmsprmun.txt
--- GAMS Parameters defined
    NLP baron
    Input /home/ps/ce-fs2/tk3016/WCGO/Full_testing/NLP/random_polynomials/NLP/d7n5R1R6d1d1.gms
    ScrDir /home/ps/ce-fs2/tk3016/WCGO/Full_testing/NLP/random_polynomials/NLP/225c/
    SysDir /rvol/GAMS/gams35.1_linux_x64_64_sfx/
    Trace /home/ps/ce-fs2/tk3016/WCGO/Full_testing/NLP/random_polynomials/NLP/trace.trc
    TraceOpt 3
    ResLim 3600
    OptCR 0.001
    OptCA 1E-5
    Threads 24
Licensee: Medium MUD - 10 User License                   S200525/0001AP-LNX
          Imperial College London, Centre for Process Systems EngineerDC621
          /rvol/GAMS/gams35.1_linux_x64_64_sfx/gamslice.txt
GAMS 35.1.0   Copyright (C) 1987-2021 GAMS Development. All rights reserved
--- Starting compilation
--- d7n5R1R6d1d1.gms(47) 2 Mb
--- Starting execution: elapsed 0:00:00.018
--- d7n5R1R6d1d1.gms(41) 3 Mb
--- Generating NLP model m
--- d7n5R1R6d1d1.gms(46) 5 Mb
---   7 rows  6 columns  36 non-zeroes
---   10,528 nl-code  25 nl-non-zeroes
--- d7n5R1R6d1d1.gms(46) 3 Mb
--- Executing BARON (Solvelink=2): elapsed 0:00:00.076

GAMS/BARON       35.1.0 r82a9585 Released Apr 29, 2021 LEG x86 64bit/Linux    

===========================================================================
 BARON version 21.1.13. Built: LNX-64 Wed Jan 13 16:01:25 EST 2021

 BARON is a product of The Optimization Firm.
 For information on BARON, see https://minlp.com/about-baron

 If you use this software, please cite publications from
 https://minlp.com/baron-publications, such as: 

 Khajavirad, A. and N. V. Sahinidis,
 A hybrid LP/NLP paradigm for global optimization relaxations,
 Mathematical Programming Computation, 10, 383-421, 2018.
===========================================================================
 This BARON run may utilize the following subsolver(s)
 For LP/MIP/QP: ILOG CPLEX                                      
 For NLP: MINOS, SNOPT, GAMS external NLP, IPOPT, FILTERSD, FILTERSQP
===========================================================================
 Doing local search
 Preprocessing found feasible solution with value  33393.3855083     
 Solving bounding LP
 Starting multi-start local search
 Done with local search
===========================================================================
  Iteration    Open nodes         Time (s)    Lower bound      Upper bound
          1             1             1.78     5765.98          33393.4    
         52             5            32.38     10587.1          33393.4    
        105             7            62.99     10587.1          33393.4    
        153             7            93.28     10587.1          33393.4    
        206            10           125.01     13942.0          33393.4    
        250            14           155.98     14543.2          33393.4    
        288            14           186.92     14543.2          33393.4    
        327            18           217.49     14543.2          33393.4    
        371            19           247.71     14543.2          33393.4    
        420            18           277.77     16705.7          33393.4    
        451            18           308.13     16705.7          33393.4    
        497            12           338.25     16705.7          33393.4    
        540            12           368.97     16705.7          33393.4    
        586            13           399.32     22064.5          33393.4    
        639            11           429.39     22956.6          33393.4    
        696             6           459.86     23021.6          33393.4    
        741             7           490.18     23021.6          33393.4    
        789             2           520.45     23948.1          33393.4    
        823             0           539.42     33360.0          33393.4    

 Calculating duals

                         *** Normal completion ***            

 Wall clock time:                   539.44
 Total CPU time used:               538.11

 Total no. of BaR iterations:     823
 Best solution found at node:     522
 Max. no. of nodes in memory:      20
 
 All done
===========================================================================

Solution      = 33393.385507424  found at node 522
Best possible = 33360.0254819
Absolute gap  = 33.360025524009  optca = 1E-5
Relative gap  = 0.000999001000260736  optcr = 0.001
  (Note that BARON uses a different formula to compute the relative gap as
   was used for the above reported value.)

--- Reading solution for model m
*** Status: Normal completion
--- d7n5R1R6d1d1.gms(46) 3 Mb  539 secs
--- Job d7n5R1R6d1d1.gms Stop 07/19/21 06:25:33 elapsed 0:08:59.770