--- Job d7n5R1R6d05d1 Start 07/19/21 06:31:06 35.1.0 r82a9585 LEX-LEG x86 64bit/Linux
--- Applying:
    /rvol/GAMS/gams35.1_linux_x64_64_sfx/gmsprmun.txt
--- GAMS Parameters defined
    NLP baron
    Input /home/ps/ce-fs2/tk3016/WCGO/Full_testing/NLP/random_polynomials/NLP/d7n5R1R6d05d1.gms
    ScrDir /home/ps/ce-fs2/tk3016/WCGO/Full_testing/NLP/random_polynomials/NLP/225c/
    SysDir /rvol/GAMS/gams35.1_linux_x64_64_sfx/
    Trace /home/ps/ce-fs2/tk3016/WCGO/Full_testing/NLP/random_polynomials/NLP/trace.trc
    TraceOpt 3
    ResLim 3600
    OptCR 0.001
    OptCA 1E-5
    Threads 24
Licensee: Medium MUD - 10 User License                   S200525/0001AP-LNX
          Imperial College London, Centre for Process Systems EngineerDC621
          /rvol/GAMS/gams35.1_linux_x64_64_sfx/gamslice.txt
GAMS 35.1.0   Copyright (C) 1987-2021 GAMS Development. All rights reserved
--- Starting compilation
--- d7n5R1R6d05d1.gms(47) 2 Mb
--- Starting execution: elapsed 0:00:00.023
--- d7n5R1R6d05d1.gms(41) 3 Mb
--- Generating NLP model m
--- d7n5R1R6d05d1.gms(46) 5 Mb
---   7 rows  6 columns  36 non-zeroes
---   5,372 nl-code  24 nl-non-zeroes
--- d7n5R1R6d05d1.gms(46) 3 Mb
--- Executing BARON (Solvelink=2): elapsed 0:00:00.126

GAMS/BARON       35.1.0 r82a9585 Released Apr 29, 2021 LEG x86 64bit/Linux    

===========================================================================
 BARON version 21.1.13. Built: LNX-64 Wed Jan 13 16:01:25 EST 2021

 BARON is a product of The Optimization Firm.
 For information on BARON, see https://minlp.com/about-baron

 If you use this software, please cite publications from
 https://minlp.com/baron-publications, such as: 

 Khajavirad, A. and N. V. Sahinidis,
 A hybrid LP/NLP paradigm for global optimization relaxations,
 Mathematical Programming Computation, 10, 383-421, 2018.
===========================================================================
 This BARON run may utilize the following subsolver(s)
 For LP/MIP/QP: ILOG CPLEX                                      
 For NLP: MINOS, SNOPT, GAMS external NLP, IPOPT, FILTERSD, FILTERSQP
===========================================================================
 Doing local search
 Preprocessing found feasible solution with value  22239.3998803     
 Solving bounding LP
 Starting multi-start local search
 Done with local search
===========================================================================
  Iteration    Open nodes         Time (s)    Lower bound      Upper bound
          1             1             1.33    -11854.7          22239.4    
         85             5            31.57    -6821.29          22239.4    
        177             5            61.76    -6821.29          22239.4    
        280             6            92.08     4850.99          22239.4    
        358            15           122.25     4924.05          22239.4    
        437            16           152.70     6592.36          22239.4    
        507            12           182.93     10596.9          22239.4    
        617            11           212.97     12871.2          22239.4    
        719            15           243.20     12871.2          22239.4    
        833            17           273.50     17172.7          22239.4    
        961            16           303.82     17172.7          22239.4    
       1067             0           333.63     22217.2          22239.4    

 Calculating duals

                         *** Normal completion ***            

 Wall clock time:                   333.67
 Total CPU time used:               332.22

 Total no. of BaR iterations:    1067
 Best solution found at node:     549
 Max. no. of nodes in memory:      21
 
 All done
===========================================================================

Solution      = 22239.3998803201  found at node 549
Best possible = 22217.1826976
Absolute gap  = 22.2171827201455  optca = 1E-5
Relative gap  = 0.00099900100001375  optcr = 0.001
  (Note that BARON uses a different formula to compute the relative gap as
   was used for the above reported value.)

--- Reading solution for model m
*** Status: Normal completion
--- Job d7n5R1R6d05d1.gms Stop 07/19/21 06:36:40 elapsed 0:05:34.037